[21:28:36.777] Global cache location '/home/dabanya02/.cache/typescript/4.7', safe file path '/home/dabanya02/.emacs.d/.cache/lsp/npm/typescript/lib/node_modules/typescript/lib/typingSafeList.json', types map path /home/dabanya02/.emacs.d/.cache/lsp/npm/typescript/lib/node_modules/typescript/lib/typesMap.json
[21:28:36.777] Processing cache location '/home/dabanya02/.cache/typescript/4.7'
[21:28:36.777] Trying to find '/home/dabanya02/.cache/typescript/4.7/package.json'...
[21:28:36.778] Loaded content of '/home/dabanya02/.cache/typescript/4.7/package.json': {"private":true,"dependencies":{"types-registry":"^0.1.606"}}
[21:28:36.778] Loaded content of '/home/dabanya02/.cache/typescript/4.7/package-lock.json'
[21:28:36.778] Finished processing cache location '/home/dabanya02/.cache/typescript/4.7'
[21:28:36.778] Process id: 113057
[21:28:36.779] NPM location: /usr/bin/npm (explicit '--npmLocation' not  provided)
[21:28:36.779] validateDefaultNpmLocation: false
[21:28:36.779] Npm config file: /home/dabanya02/.cache/typescript/4.7/package.json
[21:28:36.779] Updating types-registry npm package...
[21:28:36.779] Exec: /usr/bin/npm install --ignore-scripts types-registry@latest
[21:28:37.253]     Succeeded. stdout:
    
    up to date, audited 2 packages in 261ms

found 0 vulnerabilities

[21:28:37.253] Updated types-registry npm package
[21:28:37.345] Got install request {"projectName":"/dev/null/inferredProject1*","fileNames":["/home/dabanya02/.emacs.d/.cache/lsp/npm/typescript/lib/node_modules/typescript/lib/lib.es5.d.ts","/home/dabanya02/.emacs.d/.cache/lsp/npm/typescript/lib/node_modules/typescript/lib/lib.es2015.d.ts","/home/dabanya02/.emacs.d/.cache/lsp/npm/typescript/lib/node_modules/typescript/lib/lib.es2016.d.ts","/home/dabanya02/.emacs.d/.cache/lsp/npm/typescript/lib/node_modules/typescript/lib/lib.dom.d.ts","/home/dabanya02/.emacs.d/.cache/lsp/npm/typescript/lib/node_modules/typescript/lib/lib.dom.iterable.d.ts","/home/dabanya02/.emacs.d/.cache/lsp/npm/typescript/lib/node_modules/typescript/lib/lib.webworker.importscripts.d.ts","/home/dabanya02/.emacs.d/.cache/lsp/npm/typescript/lib/node_modules/typescript/lib/lib.scripthost.d.ts","/home/dabanya02/.emacs.d/.cache/lsp/npm/typescript/lib/node_modules/typescript/lib/lib.es2015.core.d.ts","/home/dabanya02/.emacs.d/.cache/lsp/npm/typescript/lib/node_modules/typescript/lib/lib.es2015.collection.d.ts","/home/dabanya02/.emacs.d/.cache/lsp/npm/typescript/lib/node_modules/typescript/lib/lib.es2015.generator.d.ts","/home/dabanya02/.emacs.d/.cache/lsp/npm/typescript/lib/node_modules/typescript/lib/lib.es2015.iterable.d.ts","/home/dabanya02/.emacs.d/.cache/lsp/npm/typescript/lib/node_modules/typescript/lib/lib.es2015.promise.d.ts","/home/dabanya02/.emacs.d/.cache/lsp/npm/typescript/lib/node_modules/typescript/lib/lib.es2015.proxy.d.ts","/home/dabanya02/.emacs.d/.cache/lsp/npm/typescript/lib/node_modules/typescript/lib/lib.es2015.reflect.d.ts","/home/dabanya02/.emacs.d/.cache/lsp/npm/typescript/lib/node_modules/typescript/lib/lib.es2015.symbol.d.ts","/home/dabanya02/.emacs.d/.cache/lsp/npm/typescript/lib/node_modules/typescript/lib/lib.es2015.symbol.wellknown.d.ts","/home/dabanya02/.emacs.d/.cache/lsp/npm/typescript/lib/node_modules/typescript/lib/lib.es2016.array.include.d.ts","/home/dabanya02/.emacs.d/.cache/lsp/npm/typescript/lib/node_modules/typescript/lib/lib.es2016.full.d.ts","/home/dabanya02/Projects/ProjectWebsite/projects/joegl/vector.js","/home/dabanya02/Projects/ProjectWebsite/projects/joegl/matrix.js","/home/dabanya02/Projects/ProjectWebsite/projects/joegl/attribute.js","/home/dabanya02/Projects/ProjectWebsite/projects/joegl/glhelpers.js","/home/dabanya02/Projects/ProjectWebsite/projects/joegl/data.js","/home/dabanya02/Projects/ProjectWebsite/projects/joegl/controls.js","/home/dabanya02/Projects/ProjectWebsite/projects/joegl/primitives.js","/home/dabanya02/Projects/ProjectWebsite/projects/joegl/math.js","/home/dabanya02/Projects/ProjectWebsite/projects/joegl/uniform.js","/home/dabanya02/Projects/ProjectWebsite/projects/joegl/object.js","/home/dabanya02/Projects/ProjectWebsite/projects/joegl/material.js","/home/dabanya02/Projects/ProjectWebsite/projects/joegl/joetest.js"],"compilerOptions":{"module":1,"target":3,"jsx":1,"allowJs":true,"allowSyntheticDefaultImports":true,"allowNonTsExtensions":true,"noEmitForJsFiles":true,"maxNodeModuleJsDepth":2},"typeAcquisition":{"enable":true,"include":[],"exclude":[]},"unresolvedImports":[],"projectRootPath":"/home/dabanya02/Projects/ProjectWebsite/projects/joegl","kind":"discover"}
[21:28:37.361] Loaded safelist from types map file '/home/dabanya02/.emacs.d/.cache/lsp/npm/typescript/lib/node_modules/typescript/lib/typesMap.json'
[21:28:37.361] Explicitly included types: []
[21:28:37.361] Inferred typings from file names: ["mathjs"]
[21:28:37.362] Inferred typings from unresolved imports: []
[21:28:37.362] Result: {"cachedTypingPaths":[],"newTypingNames":["mathjs"],"filesToWatch":["/home/dabanya02/Projects/ProjectWebsite/projects/joegl/bower_components","/home/dabanya02/Projects/ProjectWebsite/projects/joegl/node_modules"]}
[21:28:37.362] Finished typings discovery: {"cachedTypingPaths":[],"newTypingNames":["mathjs"],"filesToWatch":["/home/dabanya02/Projects/ProjectWebsite/projects/joegl/bower_components","/home/dabanya02/Projects/ProjectWebsite/projects/joegl/node_modules"]}
[21:28:37.362] DirectoryWatcher:: Added:: WatchInfo: /home/dabanya02/Projects/ProjectWebsite/projects/joegl/bower_components
[21:28:37.362] DirectoryWatcher:: Added:: WatchInfo: /home/dabanya02/Projects/ProjectWebsite/projects/joegl/bower_components 1 undefined Project: /dev/null/inferredProject1* watcher already invoked: false
[21:28:37.363] Elapsed:: 1.0079500079154968ms DirectoryWatcher:: Added:: WatchInfo: /home/dabanya02/Projects/ProjectWebsite/projects/joegl/bower_components 1 undefined Project: /dev/null/inferredProject1* watcher already invoked: false
[21:28:37.363] DirectoryWatcher:: Added:: WatchInfo: /home/dabanya02/Projects/ProjectWebsite/projects/joegl/node_modules
[21:28:37.363] DirectoryWatcher:: Added:: WatchInfo: /home/dabanya02/Projects/ProjectWebsite/projects/joegl/node_modules 1 undefined Project: /dev/null/inferredProject1* watcher already invoked: false
[21:28:37.363] Elapsed:: 0.06042000651359558ms DirectoryWatcher:: Added:: WatchInfo: /home/dabanya02/Projects/ProjectWebsite/projects/joegl/node_modules 1 undefined Project: /dev/null/inferredProject1* watcher already invoked: false
[21:28:37.363] Installing typings ["mathjs"]
[21:28:37.364] 'mathjs':: Entry for package 'mathjs' does not exist in local types registry - skipping...
[21:28:37.364] All typings are known to be missing or invalid - no need to install more typings
[21:28:37.364] Sending response:
    {"projectName":"/dev/null/inferredProject1*","typeAcquisition":{"enable":true,"include":[],"exclude":[]},"compilerOptions":{"module":1,"target":3,"jsx":1,"allowJs":true,"allowSyntheticDefaultImports":true,"allowNonTsExtensions":true,"noEmitForJsFiles":true,"maxNodeModuleJsDepth":2},"typings":[],"unresolvedImports":[],"kind":"action::set"}
[21:28:37.364] Response has been sent.
[00:03:48.174] Got install request {"projectName":"/dev/null/inferredProject1*","fileNames":["/home/dabanya02/.emacs.d/.cache/lsp/npm/typescript/lib/node_modules/typescript/lib/lib.es5.d.ts","/home/dabanya02/.emacs.d/.cache/lsp/npm/typescript/lib/node_modules/typescript/lib/lib.es2015.d.ts","/home/dabanya02/.emacs.d/.cache/lsp/npm/typescript/lib/node_modules/typescript/lib/lib.es2016.d.ts","/home/dabanya02/.emacs.d/.cache/lsp/npm/typescript/lib/node_modules/typescript/lib/lib.dom.d.ts","/home/dabanya02/.emacs.d/.cache/lsp/npm/typescript/lib/node_modules/typescript/lib/lib.dom.iterable.d.ts","/home/dabanya02/.emacs.d/.cache/lsp/npm/typescript/lib/node_modules/typescript/lib/lib.webworker.importscripts.d.ts","/home/dabanya02/.emacs.d/.cache/lsp/npm/typescript/lib/node_modules/typescript/lib/lib.scripthost.d.ts","/home/dabanya02/.emacs.d/.cache/lsp/npm/typescript/lib/node_modules/typescript/lib/lib.es2015.core.d.ts","/home/dabanya02/.emacs.d/.cache/lsp/npm/typescript/lib/node_modules/typescript/lib/lib.es2015.collection.d.ts","/home/dabanya02/.emacs.d/.cache/lsp/npm/typescript/lib/node_modules/typescript/lib/lib.es2015.generator.d.ts","/home/dabanya02/.emacs.d/.cache/lsp/npm/typescript/lib/node_modules/typescript/lib/lib.es2015.iterable.d.ts","/home/dabanya02/.emacs.d/.cache/lsp/npm/typescript/lib/node_modules/typescript/lib/lib.es2015.promise.d.ts","/home/dabanya02/.emacs.d/.cache/lsp/npm/typescript/lib/node_modules/typescript/lib/lib.es2015.proxy.d.ts","/home/dabanya02/.emacs.d/.cache/lsp/npm/typescript/lib/node_modules/typescript/lib/lib.es2015.reflect.d.ts","/home/dabanya02/.emacs.d/.cache/lsp/npm/typescript/lib/node_modules/typescript/lib/lib.es2015.symbol.d.ts","/home/dabanya02/.emacs.d/.cache/lsp/npm/typescript/lib/node_modules/typescript/lib/lib.es2015.symbol.wellknown.d.ts","/home/dabanya02/.emacs.d/.cache/lsp/npm/typescript/lib/node_modules/typescript/lib/lib.es2016.array.include.d.ts","/home/dabanya02/.emacs.d/.cache/lsp/npm/typescript/lib/node_modules/typescript/lib/lib.es2016.full.d.ts","/home/dabanya02/Projects/ProjectWebsite/projects/joegl/attribute.js","/home/dabanya02/Projects/ProjectWebsite/projects/joegl/data.js","/home/dabanya02/Projects/ProjectWebsite/projects/joegl/glhelpers.js"],"compilerOptions":{"module":1,"target":3,"jsx":1,"allowJs":true,"allowSyntheticDefaultImports":true,"allowNonTsExtensions":true,"noEmitForJsFiles":true,"maxNodeModuleJsDepth":2},"typeAcquisition":{"enable":true,"include":[],"exclude":[]},"unresolvedImports":[],"projectRootPath":"/home/dabanya02/Projects/ProjectWebsite/projects/joegl","kind":"discover"}
[00:03:48.175] Explicitly included types: []
[00:03:48.175] Inferred typings from unresolved imports: []
[00:03:48.175] Result: {"cachedTypingPaths":[],"newTypingNames":[],"filesToWatch":["/home/dabanya02/Projects/ProjectWebsite/projects/joegl/bower_components","/home/dabanya02/Projects/ProjectWebsite/projects/joegl/node_modules"]}
[00:03:48.175] Finished typings discovery: {"cachedTypingPaths":[],"newTypingNames":[],"filesToWatch":["/home/dabanya02/Projects/ProjectWebsite/projects/joegl/bower_components","/home/dabanya02/Projects/ProjectWebsite/projects/joegl/node_modules"]}
[00:03:48.175] Sending response:
    {"projectName":"/dev/null/inferredProject1*","typeAcquisition":{"enable":true,"include":[],"exclude":[]},"compilerOptions":{"module":1,"target":3,"jsx":1,"allowJs":true,"allowSyntheticDefaultImports":true,"allowNonTsExtensions":true,"noEmitForJsFiles":true,"maxNodeModuleJsDepth":2},"typings":[],"unresolvedImports":[],"kind":"action::set"}
[00:03:48.175] Response has been sent.
[00:03:48.175] No new typings were requested as a result of typings discovery
[00:03:48.184] Got install request {"projectName":"/dev/null/inferredProject2*","fileNames":["/home/dabanya02/.emacs.d/.cache/lsp/npm/typescript/lib/node_modules/typescript/lib/lib.es5.d.ts","/home/dabanya02/.emacs.d/.cache/lsp/npm/typescript/lib/node_modules/typescript/lib/lib.es2015.d.ts","/home/dabanya02/.emacs.d/.cache/lsp/npm/typescript/lib/node_modules/typescript/lib/lib.es2016.d.ts","/home/dabanya02/.emacs.d/.cache/lsp/npm/typescript/lib/node_modules/typescript/lib/lib.dom.d.ts","/home/dabanya02/.emacs.d/.cache/lsp/npm/typescript/lib/node_modules/typescript/lib/lib.dom.iterable.d.ts","/home/dabanya02/.emacs.d/.cache/lsp/npm/typescript/lib/node_modules/typescript/lib/lib.webworker.importscripts.d.ts","/home/dabanya02/.emacs.d/.cache/lsp/npm/typescript/lib/node_modules/typescript/lib/lib.scripthost.d.ts","/home/dabanya02/.emacs.d/.cache/lsp/npm/typescript/lib/node_modules/typescript/lib/lib.es2015.core.d.ts","/home/dabanya02/.emacs.d/.cache/lsp/npm/typescript/lib/node_modules/typescript/lib/lib.es2015.collection.d.ts","/home/dabanya02/.emacs.d/.cache/lsp/npm/typescript/lib/node_modules/typescript/lib/lib.es2015.generator.d.ts","/home/dabanya02/.emacs.d/.cache/lsp/npm/typescript/lib/node_modules/typescript/lib/lib.es2015.iterable.d.ts","/home/dabanya02/.emacs.d/.cache/lsp/npm/typescript/lib/node_modules/typescript/lib/lib.es2015.promise.d.ts","/home/dabanya02/.emacs.d/.cache/lsp/npm/typescript/lib/node_modules/typescript/lib/lib.es2015.proxy.d.ts","/home/dabanya02/.emacs.d/.cache/lsp/npm/typescript/lib/node_modules/typescript/lib/lib.es2015.reflect.d.ts","/home/dabanya02/.emacs.d/.cache/lsp/npm/typescript/lib/node_modules/typescript/lib/lib.es2015.symbol.d.ts","/home/dabanya02/.emacs.d/.cache/lsp/npm/typescript/lib/node_modules/typescript/lib/lib.es2015.symbol.wellknown.d.ts","/home/dabanya02/.emacs.d/.cache/lsp/npm/typescript/lib/node_modules/typescript/lib/lib.es2016.array.include.d.ts","/home/dabanya02/.emacs.d/.cache/lsp/npm/typescript/lib/node_modules/typescript/lib/lib.es2016.full.d.ts","/home/dabanya02/Projects/ProjectWebsite/projects/joegl/uniform.js"],"compilerOptions":{"module":1,"target":3,"jsx":1,"allowJs":true,"allowSyntheticDefaultImports":true,"allowNonTsExtensions":true,"noEmitForJsFiles":true,"maxNodeModuleJsDepth":2},"typeAcquisition":{"enable":true,"include":[],"exclude":[]},"unresolvedImports":[],"projectRootPath":"/home/dabanya02/Projects/ProjectWebsite/projects/joegl","kind":"discover"}
[00:03:48.184] Explicitly included types: []
[00:03:48.184] Inferred typings from unresolved imports: []
[00:03:48.184] Result: {"cachedTypingPaths":[],"newTypingNames":[],"filesToWatch":["/home/dabanya02/Projects/ProjectWebsite/projects/joegl/bower_components","/home/dabanya02/Projects/ProjectWebsite/projects/joegl/node_modules"]}
[00:03:48.184] Finished typings discovery: {"cachedTypingPaths":[],"newTypingNames":[],"filesToWatch":["/home/dabanya02/Projects/ProjectWebsite/projects/joegl/bower_components","/home/dabanya02/Projects/ProjectWebsite/projects/joegl/node_modules"]}
[00:03:48.185] DirectoryWatcher:: Added:: WatchInfo: /home/dabanya02/Projects/ProjectWebsite/projects/joegl/bower_components
[00:03:48.185] DirectoryWatcher:: Added:: WatchInfo: /home/dabanya02/Projects/ProjectWebsite/projects/joegl/bower_components 1 undefined Project: /dev/null/inferredProject2* watcher already invoked: false
[00:03:48.185] Elapsed:: 0.019850000739097595ms DirectoryWatcher:: Added:: WatchInfo: /home/dabanya02/Projects/ProjectWebsite/projects/joegl/bower_components 1 undefined Project: /dev/null/inferredProject2* watcher already invoked: false
[00:03:48.185] DirectoryWatcher:: Added:: WatchInfo: /home/dabanya02/Projects/ProjectWebsite/projects/joegl/node_modules
[00:03:48.185] DirectoryWatcher:: Added:: WatchInfo: /home/dabanya02/Projects/ProjectWebsite/projects/joegl/node_modules 1 undefined Project: /dev/null/inferredProject2* watcher already invoked: false
[00:03:48.185] Elapsed:: 0.011390000581741333ms DirectoryWatcher:: Added:: WatchInfo: /home/dabanya02/Projects/ProjectWebsite/projects/joegl/node_modules 1 undefined Project: /dev/null/inferredProject2* watcher already invoked: false
[00:03:48.185] Sending response:
    {"projectName":"/dev/null/inferredProject2*","typeAcquisition":{"enable":true,"include":[],"exclude":[]},"compilerOptions":{"module":1,"target":3,"jsx":1,"allowJs":true,"allowSyntheticDefaultImports":true,"allowNonTsExtensions":true,"noEmitForJsFiles":true,"maxNodeModuleJsDepth":2},"typings":[],"unresolvedImports":[],"kind":"action::set"}
[00:03:48.185] Response has been sent.
[00:03:48.185] No new typings were requested as a result of typings discovery
