[21:54:23.418] Global cache location '/home/dabanya02/.cache/typescript/4.7', safe file path '/home/dabanya02/.emacs.d/.cache/lsp/npm/typescript/lib/node_modules/typescript/lib/typingSafeList.json', types map path /home/dabanya02/.emacs.d/.cache/lsp/npm/typescript/lib/node_modules/typescript/lib/typesMap.json
[21:54:23.418] Processing cache location '/home/dabanya02/.cache/typescript/4.7'
[21:54:23.418] Trying to find '/home/dabanya02/.cache/typescript/4.7/package.json'...
[21:54:23.420] Loaded content of '/home/dabanya02/.cache/typescript/4.7/package.json': {"private":true,"dependencies":{"types-registry":"^0.1.606"}}
[21:54:23.420] Loaded content of '/home/dabanya02/.cache/typescript/4.7/package-lock.json'
[21:54:23.420] Finished processing cache location '/home/dabanya02/.cache/typescript/4.7'
[21:54:23.420] Process id: 14822
[21:54:23.420] NPM location: /usr/bin/npm (explicit '--npmLocation' not  provided)
[21:54:23.420] validateDefaultNpmLocation: false
[21:54:23.420] Npm config file: /home/dabanya02/.cache/typescript/4.7/package.json
[21:54:23.420] Updating types-registry npm package...
[21:54:23.421] Exec: /usr/bin/npm install --ignore-scripts types-registry@latest
[21:54:24.013]     Succeeded. stdout:
    
    up to date, audited 2 packages in 259ms

found 0 vulnerabilities

[21:54:24.013] Updated types-registry npm package
[21:54:24.039] Got install request {"projectName":"/dev/null/inferredProject1*","fileNames":["/home/dabanya02/.emacs.d/.cache/lsp/npm/typescript/lib/node_modules/typescript/lib/lib.es5.d.ts","/home/dabanya02/.emacs.d/.cache/lsp/npm/typescript/lib/node_modules/typescript/lib/lib.es2015.d.ts","/home/dabanya02/.emacs.d/.cache/lsp/npm/typescript/lib/node_modules/typescript/lib/lib.es2016.d.ts","/home/dabanya02/.emacs.d/.cache/lsp/npm/typescript/lib/node_modules/typescript/lib/lib.dom.d.ts","/home/dabanya02/.emacs.d/.cache/lsp/npm/typescript/lib/node_modules/typescript/lib/lib.dom.iterable.d.ts","/home/dabanya02/.emacs.d/.cache/lsp/npm/typescript/lib/node_modules/typescript/lib/lib.webworker.importscripts.d.ts","/home/dabanya02/.emacs.d/.cache/lsp/npm/typescript/lib/node_modules/typescript/lib/lib.scripthost.d.ts","/home/dabanya02/.emacs.d/.cache/lsp/npm/typescript/lib/node_modules/typescript/lib/lib.es2015.core.d.ts","/home/dabanya02/.emacs.d/.cache/lsp/npm/typescript/lib/node_modules/typescript/lib/lib.es2015.collection.d.ts","/home/dabanya02/.emacs.d/.cache/lsp/npm/typescript/lib/node_modules/typescript/lib/lib.es2015.generator.d.ts","/home/dabanya02/.emacs.d/.cache/lsp/npm/typescript/lib/node_modules/typescript/lib/lib.es2015.iterable.d.ts","/home/dabanya02/.emacs.d/.cache/lsp/npm/typescript/lib/node_modules/typescript/lib/lib.es2015.promise.d.ts","/home/dabanya02/.emacs.d/.cache/lsp/npm/typescript/lib/node_modules/typescript/lib/lib.es2015.proxy.d.ts","/home/dabanya02/.emacs.d/.cache/lsp/npm/typescript/lib/node_modules/typescript/lib/lib.es2015.reflect.d.ts","/home/dabanya02/.emacs.d/.cache/lsp/npm/typescript/lib/node_modules/typescript/lib/lib.es2015.symbol.d.ts","/home/dabanya02/.emacs.d/.cache/lsp/npm/typescript/lib/node_modules/typescript/lib/lib.es2015.symbol.wellknown.d.ts","/home/dabanya02/.emacs.d/.cache/lsp/npm/typescript/lib/node_modules/typescript/lib/lib.es2016.array.include.d.ts","/home/dabanya02/.emacs.d/.cache/lsp/npm/typescript/lib/node_modules/typescript/lib/lib.es2016.full.d.ts","/home/dabanya02/Projects/ProjectWebsite/projects/joegl/attribute.js","/home/dabanya02/Projects/ProjectWebsite/projects/joegl/data.js","/home/dabanya02/Projects/ProjectWebsite/projects/joegl/glhelpers.js"],"compilerOptions":{"module":1,"target":3,"jsx":1,"allowJs":true,"allowSyntheticDefaultImports":true,"allowNonTsExtensions":true,"noEmitForJsFiles":true,"maxNodeModuleJsDepth":2},"typeAcquisition":{"enable":true,"include":[],"exclude":[]},"unresolvedImports":[],"projectRootPath":"/home/dabanya02/Projects/ProjectWebsite/projects/joegl","kind":"discover"}
[21:54:24.053] Loaded safelist from types map file '/home/dabanya02/.emacs.d/.cache/lsp/npm/typescript/lib/node_modules/typescript/lib/typesMap.json'
[21:54:24.053] Explicitly included types: []
[21:54:24.054] Inferred typings from unresolved imports: []
[21:54:24.054] Result: {"cachedTypingPaths":[],"newTypingNames":[],"filesToWatch":["/home/dabanya02/Projects/ProjectWebsite/projects/joegl/bower_components","/home/dabanya02/Projects/ProjectWebsite/projects/joegl/node_modules"]}
[21:54:24.054] Finished typings discovery: {"cachedTypingPaths":[],"newTypingNames":[],"filesToWatch":["/home/dabanya02/Projects/ProjectWebsite/projects/joegl/bower_components","/home/dabanya02/Projects/ProjectWebsite/projects/joegl/node_modules"]}
[21:54:24.054] DirectoryWatcher:: Added:: WatchInfo: /home/dabanya02/Projects/ProjectWebsite/projects/joegl/bower_components
[21:54:24.055] DirectoryWatcher:: Added:: WatchInfo: /home/dabanya02/Projects/ProjectWebsite/projects/joegl/bower_components 1 undefined Project: /dev/null/inferredProject1* watcher already invoked: false
[21:54:24.056] Elapsed:: 1.1806910000741482ms DirectoryWatcher:: Added:: WatchInfo: /home/dabanya02/Projects/ProjectWebsite/projects/joegl/bower_components 1 undefined Project: /dev/null/inferredProject1* watcher already invoked: false
[21:54:24.056] DirectoryWatcher:: Added:: WatchInfo: /home/dabanya02/Projects/ProjectWebsite/projects/joegl/node_modules
[21:54:24.056] DirectoryWatcher:: Added:: WatchInfo: /home/dabanya02/Projects/ProjectWebsite/projects/joegl/node_modules 1 undefined Project: /dev/null/inferredProject1* watcher already invoked: false
[21:54:24.056] Elapsed:: 0.061580000445246696ms DirectoryWatcher:: Added:: WatchInfo: /home/dabanya02/Projects/ProjectWebsite/projects/joegl/node_modules 1 undefined Project: /dev/null/inferredProject1* watcher already invoked: false
[21:54:24.056] Sending response:
    {"projectName":"/dev/null/inferredProject1*","typeAcquisition":{"enable":true,"include":[],"exclude":[]},"compilerOptions":{"module":1,"target":3,"jsx":1,"allowJs":true,"allowSyntheticDefaultImports":true,"allowNonTsExtensions":true,"noEmitForJsFiles":true,"maxNodeModuleJsDepth":2},"typings":[],"unresolvedImports":[],"kind":"action::set"}
[21:54:24.056] Response has been sent.
[21:54:24.056] No new typings were requested as a result of typings discovery
[02:38:17.735] Got install request {"projectName":"/dev/null/inferredProject2*","fileNames":["/home/dabanya02/.emacs.d/.cache/lsp/npm/typescript/lib/node_modules/typescript/lib/lib.es5.d.ts","/home/dabanya02/.emacs.d/.cache/lsp/npm/typescript/lib/node_modules/typescript/lib/lib.es2015.d.ts","/home/dabanya02/.emacs.d/.cache/lsp/npm/typescript/lib/node_modules/typescript/lib/lib.es2016.d.ts","/home/dabanya02/.emacs.d/.cache/lsp/npm/typescript/lib/node_modules/typescript/lib/lib.dom.d.ts","/home/dabanya02/.emacs.d/.cache/lsp/npm/typescript/lib/node_modules/typescript/lib/lib.dom.iterable.d.ts","/home/dabanya02/.emacs.d/.cache/lsp/npm/typescript/lib/node_modules/typescript/lib/lib.webworker.importscripts.d.ts","/home/dabanya02/.emacs.d/.cache/lsp/npm/typescript/lib/node_modules/typescript/lib/lib.scripthost.d.ts","/home/dabanya02/.emacs.d/.cache/lsp/npm/typescript/lib/node_modules/typescript/lib/lib.es2015.core.d.ts","/home/dabanya02/.emacs.d/.cache/lsp/npm/typescript/lib/node_modules/typescript/lib/lib.es2015.collection.d.ts","/home/dabanya02/.emacs.d/.cache/lsp/npm/typescript/lib/node_modules/typescript/lib/lib.es2015.generator.d.ts","/home/dabanya02/.emacs.d/.cache/lsp/npm/typescript/lib/node_modules/typescript/lib/lib.es2015.iterable.d.ts","/home/dabanya02/.emacs.d/.cache/lsp/npm/typescript/lib/node_modules/typescript/lib/lib.es2015.promise.d.ts","/home/dabanya02/.emacs.d/.cache/lsp/npm/typescript/lib/node_modules/typescript/lib/lib.es2015.proxy.d.ts","/home/dabanya02/.emacs.d/.cache/lsp/npm/typescript/lib/node_modules/typescript/lib/lib.es2015.reflect.d.ts","/home/dabanya02/.emacs.d/.cache/lsp/npm/typescript/lib/node_modules/typescript/lib/lib.es2015.symbol.d.ts","/home/dabanya02/.emacs.d/.cache/lsp/npm/typescript/lib/node_modules/typescript/lib/lib.es2015.symbol.wellknown.d.ts","/home/dabanya02/.emacs.d/.cache/lsp/npm/typescript/lib/node_modules/typescript/lib/lib.es2016.array.include.d.ts","/home/dabanya02/.emacs.d/.cache/lsp/npm/typescript/lib/node_modules/typescript/lib/lib.es2016.full.d.ts","/home/dabanya02/Projects/ProjectWebsite/projects/joegl/vector.js","/home/dabanya02/Projects/ProjectWebsite/projects/joegl/matrix.js","/home/dabanya02/Projects/ProjectWebsite/projects/joegl/attribute.js","/home/dabanya02/Projects/ProjectWebsite/projects/joegl/glhelpers.js","/home/dabanya02/Projects/ProjectWebsite/projects/joegl/data.js","/home/dabanya02/Projects/ProjectWebsite/projects/joegl/controls.js","/home/dabanya02/Projects/ProjectWebsite/projects/joegl/primitives.js","/home/dabanya02/Projects/ProjectWebsite/projects/joegl/math.js","/home/dabanya02/Projects/ProjectWebsite/projects/joegl/uniform.js","/home/dabanya02/Projects/ProjectWebsite/projects/joegl/object.js","/home/dabanya02/Projects/ProjectWebsite/projects/joegl/material.js","/home/dabanya02/Projects/ProjectWebsite/projects/joegl/joetest.js"],"compilerOptions":{"module":1,"target":3,"jsx":1,"allowJs":true,"allowSyntheticDefaultImports":true,"allowNonTsExtensions":true,"noEmitForJsFiles":true,"maxNodeModuleJsDepth":2},"typeAcquisition":{"enable":true,"include":[],"exclude":[]},"unresolvedImports":[],"projectRootPath":"/home/dabanya02/Projects/ProjectWebsite/projects/joegl","kind":"discover"}
[02:38:17.735] Explicitly included types: []
[02:38:17.736] Inferred typings from file names: ["mathjs"]
[02:38:17.736] Inferred typings from unresolved imports: []
[02:38:17.736] Result: {"cachedTypingPaths":[],"newTypingNames":["mathjs"],"filesToWatch":["/home/dabanya02/Projects/ProjectWebsite/projects/joegl/bower_components","/home/dabanya02/Projects/ProjectWebsite/projects/joegl/node_modules"]}
[02:38:17.736] Finished typings discovery: {"cachedTypingPaths":[],"newTypingNames":["mathjs"],"filesToWatch":["/home/dabanya02/Projects/ProjectWebsite/projects/joegl/bower_components","/home/dabanya02/Projects/ProjectWebsite/projects/joegl/node_modules"]}
[02:38:17.736] DirectoryWatcher:: Added:: WatchInfo: /home/dabanya02/Projects/ProjectWebsite/projects/joegl/bower_components
[02:38:17.736] DirectoryWatcher:: Added:: WatchInfo: /home/dabanya02/Projects/ProjectWebsite/projects/joegl/bower_components 1 undefined Project: /dev/null/inferredProject2* watcher already invoked: false
[02:38:17.736] Elapsed:: 0.011369999498128891ms DirectoryWatcher:: Added:: WatchInfo: /home/dabanya02/Projects/ProjectWebsite/projects/joegl/bower_components 1 undefined Project: /dev/null/inferredProject2* watcher already invoked: false
[02:38:17.736] DirectoryWatcher:: Added:: WatchInfo: /home/dabanya02/Projects/ProjectWebsite/projects/joegl/node_modules
[02:38:17.736] DirectoryWatcher:: Added:: WatchInfo: /home/dabanya02/Projects/ProjectWebsite/projects/joegl/node_modules 1 undefined Project: /dev/null/inferredProject2* watcher already invoked: false
[02:38:17.736] Elapsed:: 0.0086899995803833ms DirectoryWatcher:: Added:: WatchInfo: /home/dabanya02/Projects/ProjectWebsite/projects/joegl/node_modules 1 undefined Project: /dev/null/inferredProject2* watcher already invoked: false
[02:38:17.736] Installing typings ["mathjs"]
[02:38:17.736] 'mathjs':: Entry for package 'mathjs' does not exist in local types registry - skipping...
[02:38:17.736] All typings are known to be missing or invalid - no need to install more typings
[02:38:17.736] Sending response:
    {"projectName":"/dev/null/inferredProject2*","typeAcquisition":{"enable":true,"include":[],"exclude":[]},"compilerOptions":{"module":1,"target":3,"jsx":1,"allowJs":true,"allowSyntheticDefaultImports":true,"allowNonTsExtensions":true,"noEmitForJsFiles":true,"maxNodeModuleJsDepth":2},"typings":[],"unresolvedImports":[],"kind":"action::set"}
[02:38:17.736] Response has been sent.
