[18:22:56.301] Global cache location '/home/dabanya02/.cache/typescript/4.7', safe file path '/home/dabanya02/.emacs.d/.cache/lsp/npm/typescript/lib/node_modules/typescript/lib/typingSafeList.json', types map path /home/dabanya02/.emacs.d/.cache/lsp/npm/typescript/lib/node_modules/typescript/lib/typesMap.json
[18:22:56.302] Processing cache location '/home/dabanya02/.cache/typescript/4.7'
[18:22:56.302] Trying to find '/home/dabanya02/.cache/typescript/4.7/package.json'...
[18:22:56.303] Loaded content of '/home/dabanya02/.cache/typescript/4.7/package.json': {"private":true,"dependencies":{"types-registry":"^0.1.607"}}
[18:22:56.303] Loaded content of '/home/dabanya02/.cache/typescript/4.7/package-lock.json'
[18:22:56.303] Finished processing cache location '/home/dabanya02/.cache/typescript/4.7'
[18:22:56.303] Process id: 14950
[18:22:56.303] NPM location: /usr/bin/npm (explicit '--npmLocation' not  provided)
[18:22:56.303] validateDefaultNpmLocation: false
[18:22:56.304] Npm config file: /home/dabanya02/.cache/typescript/4.7/package.json
[18:22:56.304] Updating types-registry npm package...
[18:22:56.304] Exec: /usr/bin/npm install --ignore-scripts types-registry@latest
[18:22:56.934]     Succeeded. stdout:
    
    up to date, audited 2 packages in 301ms

found 0 vulnerabilities

[18:22:56.934] Updated types-registry npm package
[18:22:56.958] Got install request {"projectName":"/dev/null/inferredProject1*","fileNames":["/home/dabanya02/.emacs.d/.cache/lsp/npm/typescript/lib/node_modules/typescript/lib/lib.es5.d.ts","/home/dabanya02/.emacs.d/.cache/lsp/npm/typescript/lib/node_modules/typescript/lib/lib.es2015.d.ts","/home/dabanya02/.emacs.d/.cache/lsp/npm/typescript/lib/node_modules/typescript/lib/lib.es2016.d.ts","/home/dabanya02/.emacs.d/.cache/lsp/npm/typescript/lib/node_modules/typescript/lib/lib.dom.d.ts","/home/dabanya02/.emacs.d/.cache/lsp/npm/typescript/lib/node_modules/typescript/lib/lib.dom.iterable.d.ts","/home/dabanya02/.emacs.d/.cache/lsp/npm/typescript/lib/node_modules/typescript/lib/lib.webworker.importscripts.d.ts","/home/dabanya02/.emacs.d/.cache/lsp/npm/typescript/lib/node_modules/typescript/lib/lib.scripthost.d.ts","/home/dabanya02/.emacs.d/.cache/lsp/npm/typescript/lib/node_modules/typescript/lib/lib.es2015.core.d.ts","/home/dabanya02/.emacs.d/.cache/lsp/npm/typescript/lib/node_modules/typescript/lib/lib.es2015.collection.d.ts","/home/dabanya02/.emacs.d/.cache/lsp/npm/typescript/lib/node_modules/typescript/lib/lib.es2015.generator.d.ts","/home/dabanya02/.emacs.d/.cache/lsp/npm/typescript/lib/node_modules/typescript/lib/lib.es2015.iterable.d.ts","/home/dabanya02/.emacs.d/.cache/lsp/npm/typescript/lib/node_modules/typescript/lib/lib.es2015.promise.d.ts","/home/dabanya02/.emacs.d/.cache/lsp/npm/typescript/lib/node_modules/typescript/lib/lib.es2015.proxy.d.ts","/home/dabanya02/.emacs.d/.cache/lsp/npm/typescript/lib/node_modules/typescript/lib/lib.es2015.reflect.d.ts","/home/dabanya02/.emacs.d/.cache/lsp/npm/typescript/lib/node_modules/typescript/lib/lib.es2015.symbol.d.ts","/home/dabanya02/.emacs.d/.cache/lsp/npm/typescript/lib/node_modules/typescript/lib/lib.es2015.symbol.wellknown.d.ts","/home/dabanya02/.emacs.d/.cache/lsp/npm/typescript/lib/node_modules/typescript/lib/lib.es2016.array.include.d.ts","/home/dabanya02/.emacs.d/.cache/lsp/npm/typescript/lib/node_modules/typescript/lib/lib.es2016.full.d.ts","/home/dabanya02/Projects/ProjectWebsite/projects/joegl/vector.js","/home/dabanya02/Projects/ProjectWebsite/projects/joegl/matrix.js","/home/dabanya02/Projects/ProjectWebsite/projects/joegl/attribute.js","/home/dabanya02/Projects/ProjectWebsite/projects/joegl/data.js","/home/dabanya02/Projects/ProjectWebsite/projects/joegl/controls.js","/home/dabanya02/Projects/ProjectWebsite/projects/joegl/primitives.js","/home/dabanya02/Projects/ProjectWebsite/projects/joegl/glhelpers.js","/home/dabanya02/Projects/ProjectWebsite/projects/joegl/math.js","/home/dabanya02/Projects/ProjectWebsite/projects/joegl/object.js","/home/dabanya02/Projects/ProjectWebsite/projects/joegl/Scene.js","/home/dabanya02/Projects/ProjectWebsite/projects/joegl/joetest.js"],"compilerOptions":{"module":1,"target":3,"jsx":1,"allowJs":true,"allowSyntheticDefaultImports":true,"allowNonTsExtensions":true,"noEmitForJsFiles":true,"maxNodeModuleJsDepth":2},"typeAcquisition":{"enable":true,"include":[],"exclude":[]},"unresolvedImports":[],"projectRootPath":"/home/dabanya02/Projects/ProjectWebsite/projects/joegl","kind":"discover"}
[18:22:56.973] Loaded safelist from types map file '/home/dabanya02/.emacs.d/.cache/lsp/npm/typescript/lib/node_modules/typescript/lib/typesMap.json'
[18:22:56.974] Explicitly included types: []
[18:22:56.975] Inferred typings from file names: ["mathjs"]
[18:22:56.975] Inferred typings from unresolved imports: []
[18:22:56.975] Result: {"cachedTypingPaths":[],"newTypingNames":["mathjs"],"filesToWatch":["/home/dabanya02/Projects/ProjectWebsite/projects/joegl/bower_components","/home/dabanya02/Projects/ProjectWebsite/projects/joegl/node_modules"]}
[18:22:56.975] Finished typings discovery: {"cachedTypingPaths":[],"newTypingNames":["mathjs"],"filesToWatch":["/home/dabanya02/Projects/ProjectWebsite/projects/joegl/bower_components","/home/dabanya02/Projects/ProjectWebsite/projects/joegl/node_modules"]}
[18:22:56.975] DirectoryWatcher:: Added:: WatchInfo: /home/dabanya02/Projects/ProjectWebsite/projects/joegl/bower_components
[18:22:56.976] DirectoryWatcher:: Added:: WatchInfo: /home/dabanya02/Projects/ProjectWebsite/projects/joegl/bower_components 1 undefined Project: /dev/null/inferredProject1* watcher already invoked: false
[18:22:56.977] Elapsed:: 1.4387709982693195ms DirectoryWatcher:: Added:: WatchInfo: /home/dabanya02/Projects/ProjectWebsite/projects/joegl/bower_components 1 undefined Project: /dev/null/inferredProject1* watcher already invoked: false
[18:22:56.977] DirectoryWatcher:: Added:: WatchInfo: /home/dabanya02/Projects/ProjectWebsite/projects/joegl/node_modules
[18:22:56.977] DirectoryWatcher:: Added:: WatchInfo: /home/dabanya02/Projects/ProjectWebsite/projects/joegl/node_modules 1 undefined Project: /dev/null/inferredProject1* watcher already invoked: false
[18:22:56.977] Elapsed:: 0.0865700002759695ms DirectoryWatcher:: Added:: WatchInfo: /home/dabanya02/Projects/ProjectWebsite/projects/joegl/node_modules 1 undefined Project: /dev/null/inferredProject1* watcher already invoked: false
[18:22:56.977] Installing typings ["mathjs"]
[18:22:56.978] 'mathjs':: Entry for package 'mathjs' does not exist in local types registry - skipping...
[18:22:56.978] All typings are known to be missing or invalid - no need to install more typings
[18:22:56.978] Sending response:
    {"projectName":"/dev/null/inferredProject1*","typeAcquisition":{"enable":true,"include":[],"exclude":[]},"compilerOptions":{"module":1,"target":3,"jsx":1,"allowJs":true,"allowSyntheticDefaultImports":true,"allowNonTsExtensions":true,"noEmitForJsFiles":true,"maxNodeModuleJsDepth":2},"typings":[],"unresolvedImports":[],"kind":"action::set"}
[18:22:56.978] Response has been sent.
[22:14:25.954] Got install request {"projectName":"/dev/null/inferredProject1*","fileNames":["/home/dabanya02/.emacs.d/.cache/lsp/npm/typescript/lib/node_modules/typescript/lib/lib.es5.d.ts","/home/dabanya02/.emacs.d/.cache/lsp/npm/typescript/lib/node_modules/typescript/lib/lib.es2015.d.ts","/home/dabanya02/.emacs.d/.cache/lsp/npm/typescript/lib/node_modules/typescript/lib/lib.es2016.d.ts","/home/dabanya02/.emacs.d/.cache/lsp/npm/typescript/lib/node_modules/typescript/lib/lib.dom.d.ts","/home/dabanya02/.emacs.d/.cache/lsp/npm/typescript/lib/node_modules/typescript/lib/lib.dom.iterable.d.ts","/home/dabanya02/.emacs.d/.cache/lsp/npm/typescript/lib/node_modules/typescript/lib/lib.webworker.importscripts.d.ts","/home/dabanya02/.emacs.d/.cache/lsp/npm/typescript/lib/node_modules/typescript/lib/lib.scripthost.d.ts","/home/dabanya02/.emacs.d/.cache/lsp/npm/typescript/lib/node_modules/typescript/lib/lib.es2015.core.d.ts","/home/dabanya02/.emacs.d/.cache/lsp/npm/typescript/lib/node_modules/typescript/lib/lib.es2015.collection.d.ts","/home/dabanya02/.emacs.d/.cache/lsp/npm/typescript/lib/node_modules/typescript/lib/lib.es2015.generator.d.ts","/home/dabanya02/.emacs.d/.cache/lsp/npm/typescript/lib/node_modules/typescript/lib/lib.es2015.iterable.d.ts","/home/dabanya02/.emacs.d/.cache/lsp/npm/typescript/lib/node_modules/typescript/lib/lib.es2015.promise.d.ts","/home/dabanya02/.emacs.d/.cache/lsp/npm/typescript/lib/node_modules/typescript/lib/lib.es2015.proxy.d.ts","/home/dabanya02/.emacs.d/.cache/lsp/npm/typescript/lib/node_modules/typescript/lib/lib.es2015.reflect.d.ts","/home/dabanya02/.emacs.d/.cache/lsp/npm/typescript/lib/node_modules/typescript/lib/lib.es2015.symbol.d.ts","/home/dabanya02/.emacs.d/.cache/lsp/npm/typescript/lib/node_modules/typescript/lib/lib.es2015.symbol.wellknown.d.ts","/home/dabanya02/.emacs.d/.cache/lsp/npm/typescript/lib/node_modules/typescript/lib/lib.es2016.array.include.d.ts","/home/dabanya02/.emacs.d/.cache/lsp/npm/typescript/lib/node_modules/typescript/lib/lib.es2016.full.d.ts","/home/dabanya02/Projects/ProjectWebsite/projects/joegl/vector.js","/home/dabanya02/Projects/ProjectWebsite/projects/joegl/matrix.js","/home/dabanya02/Projects/ProjectWebsite/projects/joegl/attribute.js","/home/dabanya02/Projects/ProjectWebsite/projects/joegl/data.js","/home/dabanya02/Projects/ProjectWebsite/projects/joegl/controls.js","/home/dabanya02/Projects/ProjectWebsite/projects/joegl/glhelpers.js","/home/dabanya02/Projects/ProjectWebsite/projects/joegl/math.js","/home/dabanya02/Projects/ProjectWebsite/projects/joegl/object.js","/home/dabanya02/Projects/ProjectWebsite/projects/joegl/Scene.js","/home/dabanya02/Projects/ProjectWebsite/projects/joegl/joetest.js"],"compilerOptions":{"module":1,"target":3,"jsx":1,"allowJs":true,"allowSyntheticDefaultImports":true,"allowNonTsExtensions":true,"noEmitForJsFiles":true,"maxNodeModuleJsDepth":2},"typeAcquisition":{"enable":true,"include":[],"exclude":[]},"unresolvedImports":[],"projectRootPath":"/home/dabanya02/Projects/ProjectWebsite/projects/joegl","kind":"discover"}
[22:14:25.955] Explicitly included types: []
[22:14:25.955] Inferred typings from file names: ["mathjs"]
[22:14:25.955] Inferred typings from unresolved imports: []
[22:14:25.955] Result: {"cachedTypingPaths":[],"newTypingNames":["mathjs"],"filesToWatch":["/home/dabanya02/Projects/ProjectWebsite/projects/joegl/bower_components","/home/dabanya02/Projects/ProjectWebsite/projects/joegl/node_modules"]}
[22:14:25.955] Finished typings discovery: {"cachedTypingPaths":[],"newTypingNames":["mathjs"],"filesToWatch":["/home/dabanya02/Projects/ProjectWebsite/projects/joegl/bower_components","/home/dabanya02/Projects/ProjectWebsite/projects/joegl/node_modules"]}
[22:14:25.955] Installing typings ["mathjs"]
[22:14:25.955] 'mathjs':: Entry for package 'mathjs' does not exist in local types registry - skipping...
[22:14:25.955] All typings are known to be missing or invalid - no need to install more typings
[22:14:25.955] Sending response:
    {"projectName":"/dev/null/inferredProject1*","typeAcquisition":{"enable":true,"include":[],"exclude":[]},"compilerOptions":{"module":1,"target":3,"jsx":1,"allowJs":true,"allowSyntheticDefaultImports":true,"allowNonTsExtensions":true,"noEmitForJsFiles":true,"maxNodeModuleJsDepth":2},"typings":[],"unresolvedImports":[],"kind":"action::set"}
[22:14:25.955] Response has been sent.
[03:20:07.142] Got install request {"projectName":"/dev/null/inferredProject1*","fileNames":["/home/dabanya02/.emacs.d/.cache/lsp/npm/typescript/lib/node_modules/typescript/lib/lib.es5.d.ts","/home/dabanya02/.emacs.d/.cache/lsp/npm/typescript/lib/node_modules/typescript/lib/lib.es2015.d.ts","/home/dabanya02/.emacs.d/.cache/lsp/npm/typescript/lib/node_modules/typescript/lib/lib.es2016.d.ts","/home/dabanya02/.emacs.d/.cache/lsp/npm/typescript/lib/node_modules/typescript/lib/lib.dom.d.ts","/home/dabanya02/.emacs.d/.cache/lsp/npm/typescript/lib/node_modules/typescript/lib/lib.dom.iterable.d.ts","/home/dabanya02/.emacs.d/.cache/lsp/npm/typescript/lib/node_modules/typescript/lib/lib.webworker.importscripts.d.ts","/home/dabanya02/.emacs.d/.cache/lsp/npm/typescript/lib/node_modules/typescript/lib/lib.scripthost.d.ts","/home/dabanya02/.emacs.d/.cache/lsp/npm/typescript/lib/node_modules/typescript/lib/lib.es2015.core.d.ts","/home/dabanya02/.emacs.d/.cache/lsp/npm/typescript/lib/node_modules/typescript/lib/lib.es2015.collection.d.ts","/home/dabanya02/.emacs.d/.cache/lsp/npm/typescript/lib/node_modules/typescript/lib/lib.es2015.generator.d.ts","/home/dabanya02/.emacs.d/.cache/lsp/npm/typescript/lib/node_modules/typescript/lib/lib.es2015.iterable.d.ts","/home/dabanya02/.emacs.d/.cache/lsp/npm/typescript/lib/node_modules/typescript/lib/lib.es2015.promise.d.ts","/home/dabanya02/.emacs.d/.cache/lsp/npm/typescript/lib/node_modules/typescript/lib/lib.es2015.proxy.d.ts","/home/dabanya02/.emacs.d/.cache/lsp/npm/typescript/lib/node_modules/typescript/lib/lib.es2015.reflect.d.ts","/home/dabanya02/.emacs.d/.cache/lsp/npm/typescript/lib/node_modules/typescript/lib/lib.es2015.symbol.d.ts","/home/dabanya02/.emacs.d/.cache/lsp/npm/typescript/lib/node_modules/typescript/lib/lib.es2015.symbol.wellknown.d.ts","/home/dabanya02/.emacs.d/.cache/lsp/npm/typescript/lib/node_modules/typescript/lib/lib.es2016.array.include.d.ts","/home/dabanya02/.emacs.d/.cache/lsp/npm/typescript/lib/node_modules/typescript/lib/lib.es2016.full.d.ts","/home/dabanya02/Projects/ProjectWebsite/projects/joegl/joetest.js"],"compilerOptions":{"module":1,"target":3,"jsx":1,"allowJs":true,"allowSyntheticDefaultImports":true,"allowNonTsExtensions":true,"noEmitForJsFiles":true,"maxNodeModuleJsDepth":2},"typeAcquisition":{"enable":true,"include":[],"exclude":[]},"unresolvedImports":[],"projectRootPath":"/home/dabanya02/Projects/ProjectWebsite/projects/joegl","kind":"discover"}
[03:20:07.142] Explicitly included types: []
[03:20:07.142] Inferred typings from unresolved imports: []
[03:20:07.143] Result: {"cachedTypingPaths":[],"newTypingNames":[],"filesToWatch":["/home/dabanya02/Projects/ProjectWebsite/projects/joegl/bower_components","/home/dabanya02/Projects/ProjectWebsite/projects/joegl/node_modules"]}
[03:20:07.143] Finished typings discovery: {"cachedTypingPaths":[],"newTypingNames":[],"filesToWatch":["/home/dabanya02/Projects/ProjectWebsite/projects/joegl/bower_components","/home/dabanya02/Projects/ProjectWebsite/projects/joegl/node_modules"]}
[03:20:07.143] Sending response:
    {"projectName":"/dev/null/inferredProject1*","typeAcquisition":{"enable":true,"include":[],"exclude":[]},"compilerOptions":{"module":1,"target":3,"jsx":1,"allowJs":true,"allowSyntheticDefaultImports":true,"allowNonTsExtensions":true,"noEmitForJsFiles":true,"maxNodeModuleJsDepth":2},"typings":[],"unresolvedImports":[],"kind":"action::set"}
[03:20:07.143] Response has been sent.
[03:20:07.143] No new typings were requested as a result of typings discovery
[03:20:16.664] Got install request {"projectName":"/dev/null/inferredProject1*","fileNames":["/home/dabanya02/.emacs.d/.cache/lsp/npm/typescript/lib/node_modules/typescript/lib/lib.es5.d.ts","/home/dabanya02/.emacs.d/.cache/lsp/npm/typescript/lib/node_modules/typescript/lib/lib.es2015.d.ts","/home/dabanya02/.emacs.d/.cache/lsp/npm/typescript/lib/node_modules/typescript/lib/lib.es2016.d.ts","/home/dabanya02/.emacs.d/.cache/lsp/npm/typescript/lib/node_modules/typescript/lib/lib.dom.d.ts","/home/dabanya02/.emacs.d/.cache/lsp/npm/typescript/lib/node_modules/typescript/lib/lib.dom.iterable.d.ts","/home/dabanya02/.emacs.d/.cache/lsp/npm/typescript/lib/node_modules/typescript/lib/lib.webworker.importscripts.d.ts","/home/dabanya02/.emacs.d/.cache/lsp/npm/typescript/lib/node_modules/typescript/lib/lib.scripthost.d.ts","/home/dabanya02/.emacs.d/.cache/lsp/npm/typescript/lib/node_modules/typescript/lib/lib.es2015.core.d.ts","/home/dabanya02/.emacs.d/.cache/lsp/npm/typescript/lib/node_modules/typescript/lib/lib.es2015.collection.d.ts","/home/dabanya02/.emacs.d/.cache/lsp/npm/typescript/lib/node_modules/typescript/lib/lib.es2015.generator.d.ts","/home/dabanya02/.emacs.d/.cache/lsp/npm/typescript/lib/node_modules/typescript/lib/lib.es2015.iterable.d.ts","/home/dabanya02/.emacs.d/.cache/lsp/npm/typescript/lib/node_modules/typescript/lib/lib.es2015.promise.d.ts","/home/dabanya02/.emacs.d/.cache/lsp/npm/typescript/lib/node_modules/typescript/lib/lib.es2015.proxy.d.ts","/home/dabanya02/.emacs.d/.cache/lsp/npm/typescript/lib/node_modules/typescript/lib/lib.es2015.reflect.d.ts","/home/dabanya02/.emacs.d/.cache/lsp/npm/typescript/lib/node_modules/typescript/lib/lib.es2015.symbol.d.ts","/home/dabanya02/.emacs.d/.cache/lsp/npm/typescript/lib/node_modules/typescript/lib/lib.es2015.symbol.wellknown.d.ts","/home/dabanya02/.emacs.d/.cache/lsp/npm/typescript/lib/node_modules/typescript/lib/lib.es2016.array.include.d.ts","/home/dabanya02/.emacs.d/.cache/lsp/npm/typescript/lib/node_modules/typescript/lib/lib.es2016.full.d.ts","/home/dabanya02/Projects/ProjectWebsite/projects/joegl/attribute.js","/home/dabanya02/Projects/ProjectWebsite/projects/joegl/vector.js","/home/dabanya02/Projects/ProjectWebsite/projects/joegl/data.js","/home/dabanya02/Projects/ProjectWebsite/projects/joegl/object.js","/home/dabanya02/Projects/ProjectWebsite/projects/joegl/glhelpers.js","/home/dabanya02/Projects/ProjectWebsite/projects/joegl/matrix.js","/home/dabanya02/Projects/ProjectWebsite/projects/joegl/Scene.js"],"compilerOptions":{"module":1,"target":3,"jsx":1,"allowJs":true,"allowSyntheticDefaultImports":true,"allowNonTsExtensions":true,"noEmitForJsFiles":true,"maxNodeModuleJsDepth":2},"typeAcquisition":{"enable":true,"include":[],"exclude":[]},"unresolvedImports":[],"projectRootPath":"/home/dabanya02/Projects/ProjectWebsite/projects/joegl","kind":"discover"}
[03:20:16.664] Explicitly included types: []
[03:20:16.664] Inferred typings from unresolved imports: []
[03:20:16.664] Result: {"cachedTypingPaths":[],"newTypingNames":[],"filesToWatch":["/home/dabanya02/Projects/ProjectWebsite/projects/joegl/bower_components","/home/dabanya02/Projects/ProjectWebsite/projects/joegl/node_modules"]}
[03:20:16.664] Finished typings discovery: {"cachedTypingPaths":[],"newTypingNames":[],"filesToWatch":["/home/dabanya02/Projects/ProjectWebsite/projects/joegl/bower_components","/home/dabanya02/Projects/ProjectWebsite/projects/joegl/node_modules"]}
[03:20:16.665] Sending response:
    {"projectName":"/dev/null/inferredProject1*","typeAcquisition":{"enable":true,"include":[],"exclude":[]},"compilerOptions":{"module":1,"target":3,"jsx":1,"allowJs":true,"allowSyntheticDefaultImports":true,"allowNonTsExtensions":true,"noEmitForJsFiles":true,"maxNodeModuleJsDepth":2},"typings":[],"unresolvedImports":[],"kind":"action::set"}
[03:20:16.665] Response has been sent.
[03:20:16.665] No new typings were requested as a result of typings discovery
[03:20:27.538] Got install request {"projectName":"/dev/null/inferredProject2*","fileNames":["/home/dabanya02/.emacs.d/.cache/lsp/npm/typescript/lib/node_modules/typescript/lib/lib.es5.d.ts","/home/dabanya02/.emacs.d/.cache/lsp/npm/typescript/lib/node_modules/typescript/lib/lib.es2015.d.ts","/home/dabanya02/.emacs.d/.cache/lsp/npm/typescript/lib/node_modules/typescript/lib/lib.es2016.d.ts","/home/dabanya02/.emacs.d/.cache/lsp/npm/typescript/lib/node_modules/typescript/lib/lib.dom.d.ts","/home/dabanya02/.emacs.d/.cache/lsp/npm/typescript/lib/node_modules/typescript/lib/lib.dom.iterable.d.ts","/home/dabanya02/.emacs.d/.cache/lsp/npm/typescript/lib/node_modules/typescript/lib/lib.webworker.importscripts.d.ts","/home/dabanya02/.emacs.d/.cache/lsp/npm/typescript/lib/node_modules/typescript/lib/lib.scripthost.d.ts","/home/dabanya02/.emacs.d/.cache/lsp/npm/typescript/lib/node_modules/typescript/lib/lib.es2015.core.d.ts","/home/dabanya02/.emacs.d/.cache/lsp/npm/typescript/lib/node_modules/typescript/lib/lib.es2015.collection.d.ts","/home/dabanya02/.emacs.d/.cache/lsp/npm/typescript/lib/node_modules/typescript/lib/lib.es2015.generator.d.ts","/home/dabanya02/.emacs.d/.cache/lsp/npm/typescript/lib/node_modules/typescript/lib/lib.es2015.iterable.d.ts","/home/dabanya02/.emacs.d/.cache/lsp/npm/typescript/lib/node_modules/typescript/lib/lib.es2015.promise.d.ts","/home/dabanya02/.emacs.d/.cache/lsp/npm/typescript/lib/node_modules/typescript/lib/lib.es2015.proxy.d.ts","/home/dabanya02/.emacs.d/.cache/lsp/npm/typescript/lib/node_modules/typescript/lib/lib.es2015.reflect.d.ts","/home/dabanya02/.emacs.d/.cache/lsp/npm/typescript/lib/node_modules/typescript/lib/lib.es2015.symbol.d.ts","/home/dabanya02/.emacs.d/.cache/lsp/npm/typescript/lib/node_modules/typescript/lib/lib.es2015.symbol.wellknown.d.ts","/home/dabanya02/.emacs.d/.cache/lsp/npm/typescript/lib/node_modules/typescript/lib/lib.es2016.array.include.d.ts","/home/dabanya02/.emacs.d/.cache/lsp/npm/typescript/lib/node_modules/typescript/lib/lib.es2016.full.d.ts","/home/dabanya02/Projects/ProjectWebsite/projects/joegl/vector.js","/home/dabanya02/Projects/ProjectWebsite/projects/joegl/matrix.js","/home/dabanya02/Projects/ProjectWebsite/projects/joegl/attribute.js","/home/dabanya02/Projects/ProjectWebsite/projects/joegl/data.js","/home/dabanya02/Projects/ProjectWebsite/projects/joegl/controls.js","/home/dabanya02/Projects/ProjectWebsite/projects/joegl/glhelpers.js","/home/dabanya02/Projects/ProjectWebsite/projects/joegl/math.js","/home/dabanya02/Projects/ProjectWebsite/projects/joegl/object.js","/home/dabanya02/Projects/ProjectWebsite/projects/joegl/Scene.js","/home/dabanya02/Projects/ProjectWebsite/projects/joegl/joetest.js"],"compilerOptions":{"module":1,"target":3,"jsx":1,"allowJs":true,"allowSyntheticDefaultImports":true,"allowNonTsExtensions":true,"noEmitForJsFiles":true,"maxNodeModuleJsDepth":2},"typeAcquisition":{"enable":true,"include":[],"exclude":[]},"unresolvedImports":[],"projectRootPath":"/home/dabanya02/Projects/ProjectWebsite/projects/joegl","kind":"discover"}
[03:20:27.538] Explicitly included types: []
[03:20:27.538] Inferred typings from file names: ["mathjs"]
[03:20:27.538] Inferred typings from unresolved imports: []
[03:20:27.538] Result: {"cachedTypingPaths":[],"newTypingNames":["mathjs"],"filesToWatch":["/home/dabanya02/Projects/ProjectWebsite/projects/joegl/bower_components","/home/dabanya02/Projects/ProjectWebsite/projects/joegl/node_modules"]}
[03:20:27.538] Finished typings discovery: {"cachedTypingPaths":[],"newTypingNames":["mathjs"],"filesToWatch":["/home/dabanya02/Projects/ProjectWebsite/projects/joegl/bower_components","/home/dabanya02/Projects/ProjectWebsite/projects/joegl/node_modules"]}
[03:20:27.538] DirectoryWatcher:: Added:: WatchInfo: /home/dabanya02/Projects/ProjectWebsite/projects/joegl/bower_components
[03:20:27.538] DirectoryWatcher:: Added:: WatchInfo: /home/dabanya02/Projects/ProjectWebsite/projects/joegl/bower_components 1 undefined Project: /dev/null/inferredProject2* watcher already invoked: false
[03:20:27.538] Elapsed:: 0.014799997210502625ms DirectoryWatcher:: Added:: WatchInfo: /home/dabanya02/Projects/ProjectWebsite/projects/joegl/bower_components 1 undefined Project: /dev/null/inferredProject2* watcher already invoked: false
[03:20:27.538] DirectoryWatcher:: Added:: WatchInfo: /home/dabanya02/Projects/ProjectWebsite/projects/joegl/node_modules
[03:20:27.538] DirectoryWatcher:: Added:: WatchInfo: /home/dabanya02/Projects/ProjectWebsite/projects/joegl/node_modules 1 undefined Project: /dev/null/inferredProject2* watcher already invoked: false
[03:20:27.538] Elapsed:: 0.0068399980664253235ms DirectoryWatcher:: Added:: WatchInfo: /home/dabanya02/Projects/ProjectWebsite/projects/joegl/node_modules 1 undefined Project: /dev/null/inferredProject2* watcher already invoked: false
[03:20:27.538] Installing typings ["mathjs"]
[03:20:27.538] 'mathjs':: Entry for package 'mathjs' does not exist in local types registry - skipping...
[03:20:27.538] All typings are known to be missing or invalid - no need to install more typings
[03:20:27.538] Sending response:
    {"projectName":"/dev/null/inferredProject2*","typeAcquisition":{"enable":true,"include":[],"exclude":[]},"compilerOptions":{"module":1,"target":3,"jsx":1,"allowJs":true,"allowSyntheticDefaultImports":true,"allowNonTsExtensions":true,"noEmitForJsFiles":true,"maxNodeModuleJsDepth":2},"typings":[],"unresolvedImports":[],"kind":"action::set"}
[03:20:27.539] Response has been sent.
