[23:40:42.204] Global cache location '/home/dabanya02/.cache/typescript/4.7', safe file path '/home/dabanya02/.emacs.d/.cache/lsp/npm/typescript/lib/node_modules/typescript/lib/typingSafeList.json', types map path /home/dabanya02/.emacs.d/.cache/lsp/npm/typescript/lib/node_modules/typescript/lib/typesMap.json
[23:40:42.204] Processing cache location '/home/dabanya02/.cache/typescript/4.7'
[23:40:42.204] Trying to find '/home/dabanya02/.cache/typescript/4.7/package.json'...
[23:40:42.205] Loaded content of '/home/dabanya02/.cache/typescript/4.7/package.json': {"private":true,"dependencies":{"types-registry":"^0.1.604"}}
[23:40:42.205] Loaded content of '/home/dabanya02/.cache/typescript/4.7/package-lock.json'
[23:40:42.205] Finished processing cache location '/home/dabanya02/.cache/typescript/4.7'
[23:40:42.206] Process id: 3947
[23:40:42.206] NPM location: /usr/bin/npm (explicit '--npmLocation' not  provided)
[23:40:42.206] validateDefaultNpmLocation: false
[23:40:42.206] Npm config file: /home/dabanya02/.cache/typescript/4.7/package.json
[23:40:42.206] Updating types-registry npm package...
[23:40:42.206] Exec: /usr/bin/npm install --ignore-scripts types-registry@latest
[23:40:42.685]     Succeeded. stdout:
    
    up to date, audited 2 packages in 288ms

found 0 vulnerabilities

[23:40:42.685] Updated types-registry npm package
[23:40:42.724] Got install request {"projectName":"/dev/null/inferredProject1*","fileNames":["/home/dabanya02/.emacs.d/.cache/lsp/npm/typescript/lib/node_modules/typescript/lib/lib.es5.d.ts","/home/dabanya02/.emacs.d/.cache/lsp/npm/typescript/lib/node_modules/typescript/lib/lib.es2015.d.ts","/home/dabanya02/.emacs.d/.cache/lsp/npm/typescript/lib/node_modules/typescript/lib/lib.es2016.d.ts","/home/dabanya02/.emacs.d/.cache/lsp/npm/typescript/lib/node_modules/typescript/lib/lib.dom.d.ts","/home/dabanya02/.emacs.d/.cache/lsp/npm/typescript/lib/node_modules/typescript/lib/lib.dom.iterable.d.ts","/home/dabanya02/.emacs.d/.cache/lsp/npm/typescript/lib/node_modules/typescript/lib/lib.webworker.importscripts.d.ts","/home/dabanya02/.emacs.d/.cache/lsp/npm/typescript/lib/node_modules/typescript/lib/lib.scripthost.d.ts","/home/dabanya02/.emacs.d/.cache/lsp/npm/typescript/lib/node_modules/typescript/lib/lib.es2015.core.d.ts","/home/dabanya02/.emacs.d/.cache/lsp/npm/typescript/lib/node_modules/typescript/lib/lib.es2015.collection.d.ts","/home/dabanya02/.emacs.d/.cache/lsp/npm/typescript/lib/node_modules/typescript/lib/lib.es2015.generator.d.ts","/home/dabanya02/.emacs.d/.cache/lsp/npm/typescript/lib/node_modules/typescript/lib/lib.es2015.iterable.d.ts","/home/dabanya02/.emacs.d/.cache/lsp/npm/typescript/lib/node_modules/typescript/lib/lib.es2015.promise.d.ts","/home/dabanya02/.emacs.d/.cache/lsp/npm/typescript/lib/node_modules/typescript/lib/lib.es2015.proxy.d.ts","/home/dabanya02/.emacs.d/.cache/lsp/npm/typescript/lib/node_modules/typescript/lib/lib.es2015.reflect.d.ts","/home/dabanya02/.emacs.d/.cache/lsp/npm/typescript/lib/node_modules/typescript/lib/lib.es2015.symbol.d.ts","/home/dabanya02/.emacs.d/.cache/lsp/npm/typescript/lib/node_modules/typescript/lib/lib.es2015.symbol.wellknown.d.ts","/home/dabanya02/.emacs.d/.cache/lsp/npm/typescript/lib/node_modules/typescript/lib/lib.es2016.array.include.d.ts","/home/dabanya02/.emacs.d/.cache/lsp/npm/typescript/lib/node_modules/typescript/lib/lib.es2016.full.d.ts","/home/dabanya02/Projects/ProjectWebsite/JoeTest/joetest.js"],"compilerOptions":{"module":1,"target":3,"jsx":1,"allowJs":true,"allowSyntheticDefaultImports":true,"allowNonTsExtensions":true,"noEmitForJsFiles":true,"maxNodeModuleJsDepth":2},"typeAcquisition":{"enable":true,"include":[],"exclude":[]},"unresolvedImports":[],"projectRootPath":"/home/dabanya02/Projects/ProjectWebsite/JoeTest","kind":"discover"}
[23:40:42.740] Loaded safelist from types map file '/home/dabanya02/.emacs.d/.cache/lsp/npm/typescript/lib/node_modules/typescript/lib/typesMap.json'
[23:40:42.741] Explicitly included types: []
[23:40:42.741] Inferred typings from unresolved imports: []
[23:40:42.741] Result: {"cachedTypingPaths":[],"newTypingNames":[],"filesToWatch":["/home/dabanya02/Projects/ProjectWebsite/JoeTest/bower_components","/home/dabanya02/Projects/ProjectWebsite/JoeTest/node_modules"]}
[23:40:42.741] Finished typings discovery: {"cachedTypingPaths":[],"newTypingNames":[],"filesToWatch":["/home/dabanya02/Projects/ProjectWebsite/JoeTest/bower_components","/home/dabanya02/Projects/ProjectWebsite/JoeTest/node_modules"]}
[23:40:42.742] DirectoryWatcher:: Added:: WatchInfo: /home/dabanya02/Projects/ProjectWebsite/JoeTest/bower_components
[23:40:42.742] DirectoryWatcher:: Added:: WatchInfo: /home/dabanya02/Projects/ProjectWebsite/JoeTest/bower_components 1 undefined Project: /dev/null/inferredProject1* watcher already invoked: false
[23:40:42.743] Elapsed:: 1.1092700000153854ms DirectoryWatcher:: Added:: WatchInfo: /home/dabanya02/Projects/ProjectWebsite/JoeTest/bower_components 1 undefined Project: /dev/null/inferredProject1* watcher already invoked: false
[23:40:42.743] DirectoryWatcher:: Added:: WatchInfo: /home/dabanya02/Projects/ProjectWebsite/JoeTest/node_modules
[23:40:42.743] DirectoryWatcher:: Added:: WatchInfo: /home/dabanya02/Projects/ProjectWebsite/JoeTest/node_modules 1 undefined Project: /dev/null/inferredProject1* watcher already invoked: false
[23:40:42.743] Elapsed:: 0.08261000004131347ms DirectoryWatcher:: Added:: WatchInfo: /home/dabanya02/Projects/ProjectWebsite/JoeTest/node_modules 1 undefined Project: /dev/null/inferredProject1* watcher already invoked: false
[23:40:42.743] Sending response:
    {"projectName":"/dev/null/inferredProject1*","typeAcquisition":{"enable":true,"include":[],"exclude":[]},"compilerOptions":{"module":1,"target":3,"jsx":1,"allowJs":true,"allowSyntheticDefaultImports":true,"allowNonTsExtensions":true,"noEmitForJsFiles":true,"maxNodeModuleJsDepth":2},"typings":[],"unresolvedImports":[],"kind":"action::set"}
[23:40:42.744] Response has been sent.
[23:40:42.744] No new typings were requested as a result of typings discovery
[23:49:16.218] Got install request {"projectName":"/dev/null/inferredProject1*","fileNames":["/home/dabanya02/.emacs.d/.cache/lsp/npm/typescript/lib/node_modules/typescript/lib/lib.es5.d.ts","/home/dabanya02/.emacs.d/.cache/lsp/npm/typescript/lib/node_modules/typescript/lib/lib.es2015.d.ts","/home/dabanya02/.emacs.d/.cache/lsp/npm/typescript/lib/node_modules/typescript/lib/lib.es2016.d.ts","/home/dabanya02/.emacs.d/.cache/lsp/npm/typescript/lib/node_modules/typescript/lib/lib.dom.d.ts","/home/dabanya02/.emacs.d/.cache/lsp/npm/typescript/lib/node_modules/typescript/lib/lib.dom.iterable.d.ts","/home/dabanya02/.emacs.d/.cache/lsp/npm/typescript/lib/node_modules/typescript/lib/lib.webworker.importscripts.d.ts","/home/dabanya02/.emacs.d/.cache/lsp/npm/typescript/lib/node_modules/typescript/lib/lib.scripthost.d.ts","/home/dabanya02/.emacs.d/.cache/lsp/npm/typescript/lib/node_modules/typescript/lib/lib.es2015.core.d.ts","/home/dabanya02/.emacs.d/.cache/lsp/npm/typescript/lib/node_modules/typescript/lib/lib.es2015.collection.d.ts","/home/dabanya02/.emacs.d/.cache/lsp/npm/typescript/lib/node_modules/typescript/lib/lib.es2015.generator.d.ts","/home/dabanya02/.emacs.d/.cache/lsp/npm/typescript/lib/node_modules/typescript/lib/lib.es2015.iterable.d.ts","/home/dabanya02/.emacs.d/.cache/lsp/npm/typescript/lib/node_modules/typescript/lib/lib.es2015.promise.d.ts","/home/dabanya02/.emacs.d/.cache/lsp/npm/typescript/lib/node_modules/typescript/lib/lib.es2015.proxy.d.ts","/home/dabanya02/.emacs.d/.cache/lsp/npm/typescript/lib/node_modules/typescript/lib/lib.es2015.reflect.d.ts","/home/dabanya02/.emacs.d/.cache/lsp/npm/typescript/lib/node_modules/typescript/lib/lib.es2015.symbol.d.ts","/home/dabanya02/.emacs.d/.cache/lsp/npm/typescript/lib/node_modules/typescript/lib/lib.es2015.symbol.wellknown.d.ts","/home/dabanya02/.emacs.d/.cache/lsp/npm/typescript/lib/node_modules/typescript/lib/lib.es2016.array.include.d.ts","/home/dabanya02/.emacs.d/.cache/lsp/npm/typescript/lib/node_modules/typescript/lib/lib.es2016.full.d.ts","/home/dabanya02/Projects/ProjectWebsite/JoeTest/joetest.js"],"compilerOptions":{"module":1,"target":3,"jsx":1,"allowJs":true,"allowSyntheticDefaultImports":true,"allowNonTsExtensions":true,"noEmitForJsFiles":true,"maxNodeModuleJsDepth":2},"typeAcquisition":{"enable":true,"include":[],"exclude":[]},"projectRootPath":"/home/dabanya02/Projects/ProjectWebsite/JoeTest","kind":"discover"}
[23:49:16.218] Explicitly included types: []
[23:49:16.218] Result: {"cachedTypingPaths":[],"newTypingNames":[],"filesToWatch":["/home/dabanya02/Projects/ProjectWebsite/JoeTest/bower_components","/home/dabanya02/Projects/ProjectWebsite/JoeTest/node_modules"]}
[23:49:16.218] Finished typings discovery: {"cachedTypingPaths":[],"newTypingNames":[],"filesToWatch":["/home/dabanya02/Projects/ProjectWebsite/JoeTest/bower_components","/home/dabanya02/Projects/ProjectWebsite/JoeTest/node_modules"]}
[23:49:16.218] Sending response:
    {"projectName":"/dev/null/inferredProject1*","typeAcquisition":{"enable":true,"include":[],"exclude":[]},"compilerOptions":{"module":1,"target":3,"jsx":1,"allowJs":true,"allowSyntheticDefaultImports":true,"allowNonTsExtensions":true,"noEmitForJsFiles":true,"maxNodeModuleJsDepth":2},"typings":[],"kind":"action::set"}
[23:49:16.218] Response has been sent.
[23:49:16.218] No new typings were requested as a result of typings discovery
