[20:42:38.514] Global cache location '/home/dabanya02/.cache/typescript/4.7', safe file path '/home/dabanya02/.emacs.d/.cache/lsp/npm/typescript/lib/node_modules/typescript/lib/typingSafeList.json', types map path /home/dabanya02/.emacs.d/.cache/lsp/npm/typescript/lib/node_modules/typescript/lib/typesMap.json
[20:42:38.515] Processing cache location '/home/dabanya02/.cache/typescript/4.7'
[20:42:38.515] Trying to find '/home/dabanya02/.cache/typescript/4.7/package.json'...
[20:42:38.516] Loaded content of '/home/dabanya02/.cache/typescript/4.7/package.json': {"private":true,"dependencies":{"types-registry":"^0.1.605"}}
[20:42:38.516] Loaded content of '/home/dabanya02/.cache/typescript/4.7/package-lock.json'
[20:42:38.516] Finished processing cache location '/home/dabanya02/.cache/typescript/4.7'
[20:42:38.516] Process id: 6815
[20:42:38.516] NPM location: /usr/bin/npm (explicit '--npmLocation' not  provided)
[20:42:38.517] validateDefaultNpmLocation: false
[20:42:38.517] Npm config file: /home/dabanya02/.cache/typescript/4.7/package.json
[20:42:38.517] Updating types-registry npm package...
[20:42:38.517] Exec: /usr/bin/npm install --ignore-scripts types-registry@latest
[20:42:39.215]     Succeeded. stdout:
    
    changed 1 package, and audited 2 packages in 403ms

found 0 vulnerabilities

[20:42:39.215] Updated types-registry npm package
[20:42:39.239] Got install request {"projectName":"/dev/null/inferredProject1*","fileNames":["/home/dabanya02/.emacs.d/.cache/lsp/npm/typescript/lib/node_modules/typescript/lib/lib.es5.d.ts","/home/dabanya02/.emacs.d/.cache/lsp/npm/typescript/lib/node_modules/typescript/lib/lib.es2015.d.ts","/home/dabanya02/.emacs.d/.cache/lsp/npm/typescript/lib/node_modules/typescript/lib/lib.es2016.d.ts","/home/dabanya02/.emacs.d/.cache/lsp/npm/typescript/lib/node_modules/typescript/lib/lib.dom.d.ts","/home/dabanya02/.emacs.d/.cache/lsp/npm/typescript/lib/node_modules/typescript/lib/lib.dom.iterable.d.ts","/home/dabanya02/.emacs.d/.cache/lsp/npm/typescript/lib/node_modules/typescript/lib/lib.webworker.importscripts.d.ts","/home/dabanya02/.emacs.d/.cache/lsp/npm/typescript/lib/node_modules/typescript/lib/lib.scripthost.d.ts","/home/dabanya02/.emacs.d/.cache/lsp/npm/typescript/lib/node_modules/typescript/lib/lib.es2015.core.d.ts","/home/dabanya02/.emacs.d/.cache/lsp/npm/typescript/lib/node_modules/typescript/lib/lib.es2015.collection.d.ts","/home/dabanya02/.emacs.d/.cache/lsp/npm/typescript/lib/node_modules/typescript/lib/lib.es2015.generator.d.ts","/home/dabanya02/.emacs.d/.cache/lsp/npm/typescript/lib/node_modules/typescript/lib/lib.es2015.iterable.d.ts","/home/dabanya02/.emacs.d/.cache/lsp/npm/typescript/lib/node_modules/typescript/lib/lib.es2015.promise.d.ts","/home/dabanya02/.emacs.d/.cache/lsp/npm/typescript/lib/node_modules/typescript/lib/lib.es2015.proxy.d.ts","/home/dabanya02/.emacs.d/.cache/lsp/npm/typescript/lib/node_modules/typescript/lib/lib.es2015.reflect.d.ts","/home/dabanya02/.emacs.d/.cache/lsp/npm/typescript/lib/node_modules/typescript/lib/lib.es2015.symbol.d.ts","/home/dabanya02/.emacs.d/.cache/lsp/npm/typescript/lib/node_modules/typescript/lib/lib.es2015.symbol.wellknown.d.ts","/home/dabanya02/.emacs.d/.cache/lsp/npm/typescript/lib/node_modules/typescript/lib/lib.es2016.array.include.d.ts","/home/dabanya02/.emacs.d/.cache/lsp/npm/typescript/lib/node_modules/typescript/lib/lib.es2016.full.d.ts","/home/dabanya02/Projects/ProjectWebsite/projects/joetest/attribute.js","/home/dabanya02/Projects/ProjectWebsite/projects/joetest/data.js"],"compilerOptions":{"module":1,"target":3,"jsx":1,"allowJs":true,"allowSyntheticDefaultImports":true,"allowNonTsExtensions":true,"noEmitForJsFiles":true,"maxNodeModuleJsDepth":2},"typeAcquisition":{"enable":true,"include":[],"exclude":[]},"unresolvedImports":[],"projectRootPath":"/home/dabanya02/Projects/ProjectWebsite/projects/joetest","kind":"discover"}
[20:42:39.253] Loaded safelist from types map file '/home/dabanya02/.emacs.d/.cache/lsp/npm/typescript/lib/node_modules/typescript/lib/typesMap.json'
[20:42:39.253] Explicitly included types: []
[20:42:39.254] Inferred typings from unresolved imports: []
[20:42:39.254] Result: {"cachedTypingPaths":[],"newTypingNames":[],"filesToWatch":["/home/dabanya02/Projects/ProjectWebsite/projects/joetest/bower_components","/home/dabanya02/Projects/ProjectWebsite/projects/joetest/node_modules"]}
[20:42:39.254] Finished typings discovery: {"cachedTypingPaths":[],"newTypingNames":[],"filesToWatch":["/home/dabanya02/Projects/ProjectWebsite/projects/joetest/bower_components","/home/dabanya02/Projects/ProjectWebsite/projects/joetest/node_modules"]}
[20:42:39.254] DirectoryWatcher:: Added:: WatchInfo: /home/dabanya02/Projects/ProjectWebsite/projects/joetest/bower_components
[20:42:39.254] DirectoryWatcher:: Added:: WatchInfo: /home/dabanya02/Projects/ProjectWebsite/projects/joetest/bower_components 1 undefined Project: /dev/null/inferredProject1* watcher already invoked: false
[20:42:39.255] Elapsed:: 0.864950000308454ms DirectoryWatcher:: Added:: WatchInfo: /home/dabanya02/Projects/ProjectWebsite/projects/joetest/bower_components 1 undefined Project: /dev/null/inferredProject1* watcher already invoked: false
[20:42:39.255] DirectoryWatcher:: Added:: WatchInfo: /home/dabanya02/Projects/ProjectWebsite/projects/joetest/node_modules
[20:42:39.255] DirectoryWatcher:: Added:: WatchInfo: /home/dabanya02/Projects/ProjectWebsite/projects/joetest/node_modules 1 undefined Project: /dev/null/inferredProject1* watcher already invoked: false
[20:42:39.256] Elapsed:: 0.060011000372469425ms DirectoryWatcher:: Added:: WatchInfo: /home/dabanya02/Projects/ProjectWebsite/projects/joetest/node_modules 1 undefined Project: /dev/null/inferredProject1* watcher already invoked: false
[20:42:39.256] Sending response:
    {"projectName":"/dev/null/inferredProject1*","typeAcquisition":{"enable":true,"include":[],"exclude":[]},"compilerOptions":{"module":1,"target":3,"jsx":1,"allowJs":true,"allowSyntheticDefaultImports":true,"allowNonTsExtensions":true,"noEmitForJsFiles":true,"maxNodeModuleJsDepth":2},"typings":[],"unresolvedImports":[],"kind":"action::set"}
[20:42:39.256] Response has been sent.
[20:42:39.256] No new typings were requested as a result of typings discovery
[23:46:36.804] Got install request {"projectName":"/dev/null/inferredProject2*","fileNames":["/home/dabanya02/.emacs.d/.cache/lsp/npm/typescript/lib/node_modules/typescript/lib/lib.es5.d.ts","/home/dabanya02/.emacs.d/.cache/lsp/npm/typescript/lib/node_modules/typescript/lib/lib.es2015.d.ts","/home/dabanya02/.emacs.d/.cache/lsp/npm/typescript/lib/node_modules/typescript/lib/lib.es2016.d.ts","/home/dabanya02/.emacs.d/.cache/lsp/npm/typescript/lib/node_modules/typescript/lib/lib.dom.d.ts","/home/dabanya02/.emacs.d/.cache/lsp/npm/typescript/lib/node_modules/typescript/lib/lib.dom.iterable.d.ts","/home/dabanya02/.emacs.d/.cache/lsp/npm/typescript/lib/node_modules/typescript/lib/lib.webworker.importscripts.d.ts","/home/dabanya02/.emacs.d/.cache/lsp/npm/typescript/lib/node_modules/typescript/lib/lib.scripthost.d.ts","/home/dabanya02/.emacs.d/.cache/lsp/npm/typescript/lib/node_modules/typescript/lib/lib.es2015.core.d.ts","/home/dabanya02/.emacs.d/.cache/lsp/npm/typescript/lib/node_modules/typescript/lib/lib.es2015.collection.d.ts","/home/dabanya02/.emacs.d/.cache/lsp/npm/typescript/lib/node_modules/typescript/lib/lib.es2015.generator.d.ts","/home/dabanya02/.emacs.d/.cache/lsp/npm/typescript/lib/node_modules/typescript/lib/lib.es2015.iterable.d.ts","/home/dabanya02/.emacs.d/.cache/lsp/npm/typescript/lib/node_modules/typescript/lib/lib.es2015.promise.d.ts","/home/dabanya02/.emacs.d/.cache/lsp/npm/typescript/lib/node_modules/typescript/lib/lib.es2015.proxy.d.ts","/home/dabanya02/.emacs.d/.cache/lsp/npm/typescript/lib/node_modules/typescript/lib/lib.es2015.reflect.d.ts","/home/dabanya02/.emacs.d/.cache/lsp/npm/typescript/lib/node_modules/typescript/lib/lib.es2015.symbol.d.ts","/home/dabanya02/.emacs.d/.cache/lsp/npm/typescript/lib/node_modules/typescript/lib/lib.es2015.symbol.wellknown.d.ts","/home/dabanya02/.emacs.d/.cache/lsp/npm/typescript/lib/node_modules/typescript/lib/lib.es2016.array.include.d.ts","/home/dabanya02/.emacs.d/.cache/lsp/npm/typescript/lib/node_modules/typescript/lib/lib.es2016.full.d.ts","/home/dabanya02/Projects/ProjectWebsite/projects/joetest/vector.js","/home/dabanya02/Projects/ProjectWebsite/projects/joetest/matrix.js","/home/dabanya02/Projects/ProjectWebsite/projects/joetest/attribute.js","/home/dabanya02/Projects/ProjectWebsite/projects/joetest/data.js","/home/dabanya02/Projects/ProjectWebsite/projects/joetest/controls.js","/home/dabanya02/Projects/ProjectWebsite/projects/joetest/primitives.js","/home/dabanya02/Projects/ProjectWebsite/projects/joetest/glhelpers.js","/home/dabanya02/Projects/ProjectWebsite/projects/joetest/math.js","/home/dabanya02/Projects/ProjectWebsite/projects/joetest/uniform.js","/home/dabanya02/Projects/ProjectWebsite/projects/joetest/object.js","/home/dabanya02/Projects/ProjectWebsite/projects/joetest/material.js","/home/dabanya02/Projects/ProjectWebsite/projects/joetest/joetest.js"],"compilerOptions":{"module":1,"target":3,"jsx":1,"allowJs":true,"allowSyntheticDefaultImports":true,"allowNonTsExtensions":true,"noEmitForJsFiles":true,"maxNodeModuleJsDepth":2},"typeAcquisition":{"enable":true,"include":[],"exclude":[]},"unresolvedImports":[],"projectRootPath":"/home/dabanya02/Projects/ProjectWebsite/projects/joetest","kind":"discover"}
[23:46:36.804] Explicitly included types: []
[23:46:36.804] Inferred typings from file names: ["mathjs"]
[23:46:36.804] Inferred typings from unresolved imports: []
[23:46:36.804] Result: {"cachedTypingPaths":[],"newTypingNames":["mathjs"],"filesToWatch":["/home/dabanya02/Projects/ProjectWebsite/projects/joetest/bower_components","/home/dabanya02/Projects/ProjectWebsite/projects/joetest/node_modules"]}
[23:46:36.804] Finished typings discovery: {"cachedTypingPaths":[],"newTypingNames":["mathjs"],"filesToWatch":["/home/dabanya02/Projects/ProjectWebsite/projects/joetest/bower_components","/home/dabanya02/Projects/ProjectWebsite/projects/joetest/node_modules"]}
[23:46:36.804] DirectoryWatcher:: Added:: WatchInfo: /home/dabanya02/Projects/ProjectWebsite/projects/joetest/bower_components
[23:46:36.804] DirectoryWatcher:: Added:: WatchInfo: /home/dabanya02/Projects/ProjectWebsite/projects/joetest/bower_components 1 undefined Project: /dev/null/inferredProject2* watcher already invoked: false
[23:46:36.804] Elapsed:: 0.011479999870061874ms DirectoryWatcher:: Added:: WatchInfo: /home/dabanya02/Projects/ProjectWebsite/projects/joetest/bower_components 1 undefined Project: /dev/null/inferredProject2* watcher already invoked: false
[23:46:36.804] DirectoryWatcher:: Added:: WatchInfo: /home/dabanya02/Projects/ProjectWebsite/projects/joetest/node_modules
[23:46:36.804] DirectoryWatcher:: Added:: WatchInfo: /home/dabanya02/Projects/ProjectWebsite/projects/joetest/node_modules 1 undefined Project: /dev/null/inferredProject2* watcher already invoked: false
[23:46:36.804] Elapsed:: 0.007089998573064804ms DirectoryWatcher:: Added:: WatchInfo: /home/dabanya02/Projects/ProjectWebsite/projects/joetest/node_modules 1 undefined Project: /dev/null/inferredProject2* watcher already invoked: false
[23:46:36.805] Installing typings ["mathjs"]
[23:46:36.805] 'mathjs':: Entry for package 'mathjs' does not exist in local types registry - skipping...
[23:46:36.805] All typings are known to be missing or invalid - no need to install more typings
[23:46:36.805] Sending response:
    {"projectName":"/dev/null/inferredProject2*","typeAcquisition":{"enable":true,"include":[],"exclude":[]},"compilerOptions":{"module":1,"target":3,"jsx":1,"allowJs":true,"allowSyntheticDefaultImports":true,"allowNonTsExtensions":true,"noEmitForJsFiles":true,"maxNodeModuleJsDepth":2},"typings":[],"unresolvedImports":[],"kind":"action::set"}
[23:46:36.805] Response has been sent.
[04:31:35.005] Got install request {"projectName":"/dev/null/inferredProject2*","fileNames":["/home/dabanya02/.emacs.d/.cache/lsp/npm/typescript/lib/node_modules/typescript/lib/lib.es5.d.ts","/home/dabanya02/.emacs.d/.cache/lsp/npm/typescript/lib/node_modules/typescript/lib/lib.es2015.d.ts","/home/dabanya02/.emacs.d/.cache/lsp/npm/typescript/lib/node_modules/typescript/lib/lib.es2016.d.ts","/home/dabanya02/.emacs.d/.cache/lsp/npm/typescript/lib/node_modules/typescript/lib/lib.dom.d.ts","/home/dabanya02/.emacs.d/.cache/lsp/npm/typescript/lib/node_modules/typescript/lib/lib.dom.iterable.d.ts","/home/dabanya02/.emacs.d/.cache/lsp/npm/typescript/lib/node_modules/typescript/lib/lib.webworker.importscripts.d.ts","/home/dabanya02/.emacs.d/.cache/lsp/npm/typescript/lib/node_modules/typescript/lib/lib.scripthost.d.ts","/home/dabanya02/.emacs.d/.cache/lsp/npm/typescript/lib/node_modules/typescript/lib/lib.es2015.core.d.ts","/home/dabanya02/.emacs.d/.cache/lsp/npm/typescript/lib/node_modules/typescript/lib/lib.es2015.collection.d.ts","/home/dabanya02/.emacs.d/.cache/lsp/npm/typescript/lib/node_modules/typescript/lib/lib.es2015.generator.d.ts","/home/dabanya02/.emacs.d/.cache/lsp/npm/typescript/lib/node_modules/typescript/lib/lib.es2015.iterable.d.ts","/home/dabanya02/.emacs.d/.cache/lsp/npm/typescript/lib/node_modules/typescript/lib/lib.es2015.promise.d.ts","/home/dabanya02/.emacs.d/.cache/lsp/npm/typescript/lib/node_modules/typescript/lib/lib.es2015.proxy.d.ts","/home/dabanya02/.emacs.d/.cache/lsp/npm/typescript/lib/node_modules/typescript/lib/lib.es2015.reflect.d.ts","/home/dabanya02/.emacs.d/.cache/lsp/npm/typescript/lib/node_modules/typescript/lib/lib.es2015.symbol.d.ts","/home/dabanya02/.emacs.d/.cache/lsp/npm/typescript/lib/node_modules/typescript/lib/lib.es2015.symbol.wellknown.d.ts","/home/dabanya02/.emacs.d/.cache/lsp/npm/typescript/lib/node_modules/typescript/lib/lib.es2016.array.include.d.ts","/home/dabanya02/.emacs.d/.cache/lsp/npm/typescript/lib/node_modules/typescript/lib/lib.es2016.full.d.ts","/home/dabanya02/Projects/ProjectWebsite/projects/joetest/vector.js","/home/dabanya02/Projects/ProjectWebsite/projects/joetest/matrix.js","/home/dabanya02/Projects/ProjectWebsite/projects/joetest/attribute.js","/home/dabanya02/Projects/ProjectWebsite/projects/joetest/data.js","/home/dabanya02/Projects/ProjectWebsite/projects/joetest/controls.js","/home/dabanya02/Projects/ProjectWebsite/projects/joetest/primitives.js","/home/dabanya02/Projects/ProjectWebsite/projects/joetest/glhelpers.js","/home/dabanya02/Projects/ProjectWebsite/projects/joetest/math.js","/home/dabanya02/Projects/ProjectWebsite/projects/joetest/uniform.js","/home/dabanya02/Projects/ProjectWebsite/projects/joetest/object.js","/home/dabanya02/Projects/ProjectWebsite/projects/joetest/material.js","/home/dabanya02/Projects/ProjectWebsite/projects/joetest/joetest.js"],"compilerOptions":{"module":1,"target":3,"jsx":1,"allowJs":true,"allowSyntheticDefaultImports":true,"allowNonTsExtensions":true,"noEmitForJsFiles":true,"maxNodeModuleJsDepth":2},"typeAcquisition":{"enable":true,"include":[],"exclude":[]},"unresolvedImports":["material.js"],"projectRootPath":"/home/dabanya02/Projects/ProjectWebsite/projects/joetest","kind":"discover"}
[04:31:35.005] Explicitly included types: []
[04:31:35.006] Inferred typings from file names: ["mathjs"]
[04:31:35.006] Inferred typings from unresolved imports: ["material.js"]
[04:31:35.006] Result: {"cachedTypingPaths":[],"newTypingNames":["mathjs","material.js"],"filesToWatch":["/home/dabanya02/Projects/ProjectWebsite/projects/joetest/bower_components","/home/dabanya02/Projects/ProjectWebsite/projects/joetest/node_modules"]}
[04:31:35.006] Finished typings discovery: {"cachedTypingPaths":[],"newTypingNames":["mathjs","material.js"],"filesToWatch":["/home/dabanya02/Projects/ProjectWebsite/projects/joetest/bower_components","/home/dabanya02/Projects/ProjectWebsite/projects/joetest/node_modules"]}
[04:31:35.006] Installing typings ["mathjs","material.js"]
[04:31:35.006] 'mathjs':: Entry for package 'mathjs' does not exist in local types registry - skipping...
[04:31:35.006] 'material.js':: Entry for package 'material.js' does not exist in local types registry - skipping...
[04:31:35.006] All typings are known to be missing or invalid - no need to install more typings
[04:31:35.006] Sending response:
    {"projectName":"/dev/null/inferredProject2*","typeAcquisition":{"enable":true,"include":[],"exclude":[]},"compilerOptions":{"module":1,"target":3,"jsx":1,"allowJs":true,"allowSyntheticDefaultImports":true,"allowNonTsExtensions":true,"noEmitForJsFiles":true,"maxNodeModuleJsDepth":2},"typings":[],"unresolvedImports":["material.js"],"kind":"action::set"}
[04:31:35.006] Response has been sent.
[04:31:41.329] Got install request {"projectName":"/dev/null/inferredProject2*","fileNames":["/home/dabanya02/.emacs.d/.cache/lsp/npm/typescript/lib/node_modules/typescript/lib/lib.es5.d.ts","/home/dabanya02/.emacs.d/.cache/lsp/npm/typescript/lib/node_modules/typescript/lib/lib.es2015.d.ts","/home/dabanya02/.emacs.d/.cache/lsp/npm/typescript/lib/node_modules/typescript/lib/lib.es2016.d.ts","/home/dabanya02/.emacs.d/.cache/lsp/npm/typescript/lib/node_modules/typescript/lib/lib.dom.d.ts","/home/dabanya02/.emacs.d/.cache/lsp/npm/typescript/lib/node_modules/typescript/lib/lib.dom.iterable.d.ts","/home/dabanya02/.emacs.d/.cache/lsp/npm/typescript/lib/node_modules/typescript/lib/lib.webworker.importscripts.d.ts","/home/dabanya02/.emacs.d/.cache/lsp/npm/typescript/lib/node_modules/typescript/lib/lib.scripthost.d.ts","/home/dabanya02/.emacs.d/.cache/lsp/npm/typescript/lib/node_modules/typescript/lib/lib.es2015.core.d.ts","/home/dabanya02/.emacs.d/.cache/lsp/npm/typescript/lib/node_modules/typescript/lib/lib.es2015.collection.d.ts","/home/dabanya02/.emacs.d/.cache/lsp/npm/typescript/lib/node_modules/typescript/lib/lib.es2015.generator.d.ts","/home/dabanya02/.emacs.d/.cache/lsp/npm/typescript/lib/node_modules/typescript/lib/lib.es2015.iterable.d.ts","/home/dabanya02/.emacs.d/.cache/lsp/npm/typescript/lib/node_modules/typescript/lib/lib.es2015.promise.d.ts","/home/dabanya02/.emacs.d/.cache/lsp/npm/typescript/lib/node_modules/typescript/lib/lib.es2015.proxy.d.ts","/home/dabanya02/.emacs.d/.cache/lsp/npm/typescript/lib/node_modules/typescript/lib/lib.es2015.reflect.d.ts","/home/dabanya02/.emacs.d/.cache/lsp/npm/typescript/lib/node_modules/typescript/lib/lib.es2015.symbol.d.ts","/home/dabanya02/.emacs.d/.cache/lsp/npm/typescript/lib/node_modules/typescript/lib/lib.es2015.symbol.wellknown.d.ts","/home/dabanya02/.emacs.d/.cache/lsp/npm/typescript/lib/node_modules/typescript/lib/lib.es2016.array.include.d.ts","/home/dabanya02/.emacs.d/.cache/lsp/npm/typescript/lib/node_modules/typescript/lib/lib.es2016.full.d.ts","/home/dabanya02/Projects/ProjectWebsite/projects/joetest/vector.js","/home/dabanya02/Projects/ProjectWebsite/projects/joetest/matrix.js","/home/dabanya02/Projects/ProjectWebsite/projects/joetest/attribute.js","/home/dabanya02/Projects/ProjectWebsite/projects/joetest/material.js","/home/dabanya02/Projects/ProjectWebsite/projects/joetest/data.js","/home/dabanya02/Projects/ProjectWebsite/projects/joetest/controls.js","/home/dabanya02/Projects/ProjectWebsite/projects/joetest/primitives.js","/home/dabanya02/Projects/ProjectWebsite/projects/joetest/glhelpers.js","/home/dabanya02/Projects/ProjectWebsite/projects/joetest/math.js","/home/dabanya02/Projects/ProjectWebsite/projects/joetest/uniform.js","/home/dabanya02/Projects/ProjectWebsite/projects/joetest/object.js","/home/dabanya02/Projects/ProjectWebsite/projects/joetest/joetest.js"],"compilerOptions":{"module":1,"target":3,"jsx":1,"allowJs":true,"allowSyntheticDefaultImports":true,"allowNonTsExtensions":true,"noEmitForJsFiles":true,"maxNodeModuleJsDepth":2},"typeAcquisition":{"enable":true,"include":[],"exclude":[]},"unresolvedImports":[],"projectRootPath":"/home/dabanya02/Projects/ProjectWebsite/projects/joetest","kind":"discover"}
[04:31:41.329] Explicitly included types: []
[04:31:41.329] Inferred typings from file names: ["mathjs"]
[04:31:41.329] Inferred typings from unresolved imports: []
[04:31:41.329] Result: {"cachedTypingPaths":[],"newTypingNames":["mathjs"],"filesToWatch":["/home/dabanya02/Projects/ProjectWebsite/projects/joetest/bower_components","/home/dabanya02/Projects/ProjectWebsite/projects/joetest/node_modules"]}
[04:31:41.329] Finished typings discovery: {"cachedTypingPaths":[],"newTypingNames":["mathjs"],"filesToWatch":["/home/dabanya02/Projects/ProjectWebsite/projects/joetest/bower_components","/home/dabanya02/Projects/ProjectWebsite/projects/joetest/node_modules"]}
[04:31:41.329] Installing typings ["mathjs"]
[04:31:41.329] 'mathjs':: Entry for package 'mathjs' does not exist in local types registry - skipping...
[04:31:41.329] All typings are known to be missing or invalid - no need to install more typings
[04:31:41.329] Sending response:
    {"projectName":"/dev/null/inferredProject2*","typeAcquisition":{"enable":true,"include":[],"exclude":[]},"compilerOptions":{"module":1,"target":3,"jsx":1,"allowJs":true,"allowSyntheticDefaultImports":true,"allowNonTsExtensions":true,"noEmitForJsFiles":true,"maxNodeModuleJsDepth":2},"typings":[],"unresolvedImports":[],"kind":"action::set"}
[04:31:41.329] Response has been sent.
