[21:43:45.050] Global cache location '/home/dabanya02/.cache/typescript/4.7', safe file path '/home/dabanya02/.emacs.d/.cache/lsp/npm/typescript/lib/node_modules/typescript/lib/typingSafeList.json', types map path /home/dabanya02/.emacs.d/.cache/lsp/npm/typescript/lib/node_modules/typescript/lib/typesMap.json
[21:43:45.051] Processing cache location '/home/dabanya02/.cache/typescript/4.7'
[21:43:45.051] Trying to find '/home/dabanya02/.cache/typescript/4.7/package.json'...
[21:43:45.052] Loaded content of '/home/dabanya02/.cache/typescript/4.7/package.json': {"private":true,"dependencies":{"types-registry":"^0.1.607"}}
[21:43:45.052] Loaded content of '/home/dabanya02/.cache/typescript/4.7/package-lock.json'
[21:43:45.052] Finished processing cache location '/home/dabanya02/.cache/typescript/4.7'
[21:43:45.052] Process id: 6672
[21:43:45.053] NPM location: /usr/bin/npm (explicit '--npmLocation' not  provided)
[21:43:45.053] validateDefaultNpmLocation: false
[21:43:45.053] Npm config file: /home/dabanya02/.cache/typescript/4.7/package.json
[21:43:45.053] Updating types-registry npm package...
[21:43:45.053] Exec: /usr/bin/npm install --ignore-scripts types-registry@latest
[21:43:45.681]     Succeeded. stdout:
    
    up to date, audited 2 packages in 289ms

found 0 vulnerabilities

[21:43:45.681] Updated types-registry npm package
[21:43:45.706] Got install request {"projectName":"/dev/null/inferredProject1*","fileNames":["/home/dabanya02/.emacs.d/.cache/lsp/npm/typescript/lib/node_modules/typescript/lib/lib.es5.d.ts","/home/dabanya02/.emacs.d/.cache/lsp/npm/typescript/lib/node_modules/typescript/lib/lib.es2015.d.ts","/home/dabanya02/.emacs.d/.cache/lsp/npm/typescript/lib/node_modules/typescript/lib/lib.es2016.d.ts","/home/dabanya02/.emacs.d/.cache/lsp/npm/typescript/lib/node_modules/typescript/lib/lib.dom.d.ts","/home/dabanya02/.emacs.d/.cache/lsp/npm/typescript/lib/node_modules/typescript/lib/lib.dom.iterable.d.ts","/home/dabanya02/.emacs.d/.cache/lsp/npm/typescript/lib/node_modules/typescript/lib/lib.webworker.importscripts.d.ts","/home/dabanya02/.emacs.d/.cache/lsp/npm/typescript/lib/node_modules/typescript/lib/lib.scripthost.d.ts","/home/dabanya02/.emacs.d/.cache/lsp/npm/typescript/lib/node_modules/typescript/lib/lib.es2015.core.d.ts","/home/dabanya02/.emacs.d/.cache/lsp/npm/typescript/lib/node_modules/typescript/lib/lib.es2015.collection.d.ts","/home/dabanya02/.emacs.d/.cache/lsp/npm/typescript/lib/node_modules/typescript/lib/lib.es2015.generator.d.ts","/home/dabanya02/.emacs.d/.cache/lsp/npm/typescript/lib/node_modules/typescript/lib/lib.es2015.iterable.d.ts","/home/dabanya02/.emacs.d/.cache/lsp/npm/typescript/lib/node_modules/typescript/lib/lib.es2015.promise.d.ts","/home/dabanya02/.emacs.d/.cache/lsp/npm/typescript/lib/node_modules/typescript/lib/lib.es2015.proxy.d.ts","/home/dabanya02/.emacs.d/.cache/lsp/npm/typescript/lib/node_modules/typescript/lib/lib.es2015.reflect.d.ts","/home/dabanya02/.emacs.d/.cache/lsp/npm/typescript/lib/node_modules/typescript/lib/lib.es2015.symbol.d.ts","/home/dabanya02/.emacs.d/.cache/lsp/npm/typescript/lib/node_modules/typescript/lib/lib.es2015.symbol.wellknown.d.ts","/home/dabanya02/.emacs.d/.cache/lsp/npm/typescript/lib/node_modules/typescript/lib/lib.es2016.array.include.d.ts","/home/dabanya02/.emacs.d/.cache/lsp/npm/typescript/lib/node_modules/typescript/lib/lib.es2016.full.d.ts","/home/dabanya02/Projects/ProjectWebsite/projects/joegl/vector.js","/home/dabanya02/Projects/ProjectWebsite/projects/joegl/matrix.js","/home/dabanya02/Projects/ProjectWebsite/projects/joegl/attribute.js","/home/dabanya02/Projects/ProjectWebsite/projects/joegl/data.js","/home/dabanya02/Projects/ProjectWebsite/projects/joegl/controls.js","/home/dabanya02/Projects/ProjectWebsite/projects/joegl/primitives.js","/home/dabanya02/Projects/ProjectWebsite/projects/joegl/glhelpers.js","/home/dabanya02/Projects/ProjectWebsite/projects/joegl/math.js","/home/dabanya02/Projects/ProjectWebsite/projects/joegl/object.js","/home/dabanya02/Projects/ProjectWebsite/projects/joegl/Scene.js","/home/dabanya02/Projects/ProjectWebsite/projects/joegl/joetest.js"],"compilerOptions":{"module":1,"target":3,"jsx":1,"allowJs":true,"allowSyntheticDefaultImports":true,"allowNonTsExtensions":true,"noEmitForJsFiles":true,"maxNodeModuleJsDepth":2},"typeAcquisition":{"enable":true,"include":[],"exclude":[]},"unresolvedImports":[],"projectRootPath":"/home/dabanya02/Projects/ProjectWebsite/projects/joegl","kind":"discover"}
[21:43:45.719] Loaded safelist from types map file '/home/dabanya02/.emacs.d/.cache/lsp/npm/typescript/lib/node_modules/typescript/lib/typesMap.json'
[21:43:45.719] Explicitly included types: []
[21:43:45.720] Inferred typings from file names: ["mathjs"]
[21:43:45.720] Inferred typings from unresolved imports: []
[21:43:45.720] Result: {"cachedTypingPaths":[],"newTypingNames":["mathjs"],"filesToWatch":["/home/dabanya02/Projects/ProjectWebsite/projects/joegl/bower_components","/home/dabanya02/Projects/ProjectWebsite/projects/joegl/node_modules"]}
[21:43:45.720] Finished typings discovery: {"cachedTypingPaths":[],"newTypingNames":["mathjs"],"filesToWatch":["/home/dabanya02/Projects/ProjectWebsite/projects/joegl/bower_components","/home/dabanya02/Projects/ProjectWebsite/projects/joegl/node_modules"]}
[21:43:45.720] DirectoryWatcher:: Added:: WatchInfo: /home/dabanya02/Projects/ProjectWebsite/projects/joegl/bower_components
[21:43:45.720] DirectoryWatcher:: Added:: WatchInfo: /home/dabanya02/Projects/ProjectWebsite/projects/joegl/bower_components 1 undefined Project: /dev/null/inferredProject1* watcher already invoked: false
[21:43:45.721] Elapsed:: 0.828840000089258ms DirectoryWatcher:: Added:: WatchInfo: /home/dabanya02/Projects/ProjectWebsite/projects/joegl/bower_components 1 undefined Project: /dev/null/inferredProject1* watcher already invoked: false
[21:43:45.721] DirectoryWatcher:: Added:: WatchInfo: /home/dabanya02/Projects/ProjectWebsite/projects/joegl/node_modules
[21:43:45.721] DirectoryWatcher:: Added:: WatchInfo: /home/dabanya02/Projects/ProjectWebsite/projects/joegl/node_modules 1 undefined Project: /dev/null/inferredProject1* watcher already invoked: false
[21:43:45.721] Elapsed:: 0.05994000006467104ms DirectoryWatcher:: Added:: WatchInfo: /home/dabanya02/Projects/ProjectWebsite/projects/joegl/node_modules 1 undefined Project: /dev/null/inferredProject1* watcher already invoked: false
[21:43:45.722] Installing typings ["mathjs"]
[21:43:45.722] 'mathjs':: Entry for package 'mathjs' does not exist in local types registry - skipping...
[21:43:45.722] All typings are known to be missing or invalid - no need to install more typings
[21:43:45.722] Sending response:
    {"projectName":"/dev/null/inferredProject1*","typeAcquisition":{"enable":true,"include":[],"exclude":[]},"compilerOptions":{"module":1,"target":3,"jsx":1,"allowJs":true,"allowSyntheticDefaultImports":true,"allowNonTsExtensions":true,"noEmitForJsFiles":true,"maxNodeModuleJsDepth":2},"typings":[],"unresolvedImports":[],"kind":"action::set"}
[21:43:45.722] Response has been sent.
