[19:54:45.912] Global cache location '/home/dabanya02/.cache/typescript/4.7', safe file path '/home/dabanya02/.emacs.d/.cache/lsp/npm/typescript/lib/node_modules/typescript/lib/typingSafeList.json', types map path /home/dabanya02/.emacs.d/.cache/lsp/npm/typescript/lib/node_modules/typescript/lib/typesMap.json
[19:54:45.913] Processing cache location '/home/dabanya02/.cache/typescript/4.7'
[19:54:45.913] Trying to find '/home/dabanya02/.cache/typescript/4.7/package.json'...
[19:54:45.914] Loaded content of '/home/dabanya02/.cache/typescript/4.7/package.json': {"private":true,"dependencies":{"types-registry":"^0.1.603"}}
[19:54:45.914] Loaded content of '/home/dabanya02/.cache/typescript/4.7/package-lock.json'
[19:54:45.915] Finished processing cache location '/home/dabanya02/.cache/typescript/4.7'
[19:54:45.915] Process id: 8268
[19:54:45.915] NPM location: /usr/bin/npm (explicit '--npmLocation' not  provided)
[19:54:45.915] validateDefaultNpmLocation: false
[19:54:45.915] Npm config file: /home/dabanya02/.cache/typescript/4.7/package.json
[19:54:45.915] Updating types-registry npm package...
[19:54:45.915] Exec: /usr/bin/npm install --ignore-scripts types-registry@latest
[19:54:46.500]     Succeeded. stdout:
    
    up to date, audited 2 packages in 373ms

found 0 vulnerabilities

[19:54:46.501] Updated types-registry npm package
[19:54:46.524] Got install request {"projectName":"/dev/null/inferredProject1*","fileNames":["/home/dabanya02/.emacs.d/.cache/lsp/npm/typescript/lib/node_modules/typescript/lib/lib.es5.d.ts","/home/dabanya02/.emacs.d/.cache/lsp/npm/typescript/lib/node_modules/typescript/lib/lib.es2015.d.ts","/home/dabanya02/.emacs.d/.cache/lsp/npm/typescript/lib/node_modules/typescript/lib/lib.es2016.d.ts","/home/dabanya02/.emacs.d/.cache/lsp/npm/typescript/lib/node_modules/typescript/lib/lib.dom.d.ts","/home/dabanya02/.emacs.d/.cache/lsp/npm/typescript/lib/node_modules/typescript/lib/lib.dom.iterable.d.ts","/home/dabanya02/.emacs.d/.cache/lsp/npm/typescript/lib/node_modules/typescript/lib/lib.webworker.importscripts.d.ts","/home/dabanya02/.emacs.d/.cache/lsp/npm/typescript/lib/node_modules/typescript/lib/lib.scripthost.d.ts","/home/dabanya02/.emacs.d/.cache/lsp/npm/typescript/lib/node_modules/typescript/lib/lib.es2015.core.d.ts","/home/dabanya02/.emacs.d/.cache/lsp/npm/typescript/lib/node_modules/typescript/lib/lib.es2015.collection.d.ts","/home/dabanya02/.emacs.d/.cache/lsp/npm/typescript/lib/node_modules/typescript/lib/lib.es2015.generator.d.ts","/home/dabanya02/.emacs.d/.cache/lsp/npm/typescript/lib/node_modules/typescript/lib/lib.es2015.iterable.d.ts","/home/dabanya02/.emacs.d/.cache/lsp/npm/typescript/lib/node_modules/typescript/lib/lib.es2015.promise.d.ts","/home/dabanya02/.emacs.d/.cache/lsp/npm/typescript/lib/node_modules/typescript/lib/lib.es2015.proxy.d.ts","/home/dabanya02/.emacs.d/.cache/lsp/npm/typescript/lib/node_modules/typescript/lib/lib.es2015.reflect.d.ts","/home/dabanya02/.emacs.d/.cache/lsp/npm/typescript/lib/node_modules/typescript/lib/lib.es2015.symbol.d.ts","/home/dabanya02/.emacs.d/.cache/lsp/npm/typescript/lib/node_modules/typescript/lib/lib.es2015.symbol.wellknown.d.ts","/home/dabanya02/.emacs.d/.cache/lsp/npm/typescript/lib/node_modules/typescript/lib/lib.es2016.array.include.d.ts","/home/dabanya02/.emacs.d/.cache/lsp/npm/typescript/lib/node_modules/typescript/lib/lib.es2016.full.d.ts","/home/dabanya02/Projects/ProjectWebsite/JoeTest/joetest.js"],"compilerOptions":{"module":1,"target":3,"jsx":1,"allowJs":true,"allowSyntheticDefaultImports":true,"allowNonTsExtensions":true,"noEmitForJsFiles":true,"maxNodeModuleJsDepth":2},"typeAcquisition":{"enable":true,"include":[],"exclude":[]},"unresolvedImports":[],"projectRootPath":"/home/dabanya02/Projects/ProjectWebsite/JoeTest","kind":"discover"}
[19:54:46.537] Loaded safelist from types map file '/home/dabanya02/.emacs.d/.cache/lsp/npm/typescript/lib/node_modules/typescript/lib/typesMap.json'
[19:54:46.538] Explicitly included types: []
[19:54:46.538] Inferred typings from unresolved imports: []
[19:54:46.538] Result: {"cachedTypingPaths":[],"newTypingNames":[],"filesToWatch":["/home/dabanya02/Projects/ProjectWebsite/JoeTest/bower_components","/home/dabanya02/Projects/ProjectWebsite/JoeTest/node_modules"]}
[19:54:46.538] Finished typings discovery: {"cachedTypingPaths":[],"newTypingNames":[],"filesToWatch":["/home/dabanya02/Projects/ProjectWebsite/JoeTest/bower_components","/home/dabanya02/Projects/ProjectWebsite/JoeTest/node_modules"]}
[19:54:46.538] DirectoryWatcher:: Added:: WatchInfo: /home/dabanya02/Projects/ProjectWebsite/JoeTest/bower_components
[19:54:46.539] DirectoryWatcher:: Added:: WatchInfo: /home/dabanya02/Projects/ProjectWebsite/JoeTest/bower_components 1 undefined Project: /dev/null/inferredProject1* watcher already invoked: false
[19:54:46.540] Elapsed:: 0.8739499999210238ms DirectoryWatcher:: Added:: WatchInfo: /home/dabanya02/Projects/ProjectWebsite/JoeTest/bower_components 1 undefined Project: /dev/null/inferredProject1* watcher already invoked: false
[19:54:46.540] DirectoryWatcher:: Added:: WatchInfo: /home/dabanya02/Projects/ProjectWebsite/JoeTest/node_modules
[19:54:46.540] DirectoryWatcher:: Added:: WatchInfo: /home/dabanya02/Projects/ProjectWebsite/JoeTest/node_modules 1 undefined Project: /dev/null/inferredProject1* watcher already invoked: false
[19:54:46.540] Elapsed:: 0.059539999812841415ms DirectoryWatcher:: Added:: WatchInfo: /home/dabanya02/Projects/ProjectWebsite/JoeTest/node_modules 1 undefined Project: /dev/null/inferredProject1* watcher already invoked: false
[19:54:46.540] Sending response:
    {"projectName":"/dev/null/inferredProject1*","typeAcquisition":{"enable":true,"include":[],"exclude":[]},"compilerOptions":{"module":1,"target":3,"jsx":1,"allowJs":true,"allowSyntheticDefaultImports":true,"allowNonTsExtensions":true,"noEmitForJsFiles":true,"maxNodeModuleJsDepth":2},"typings":[],"unresolvedImports":[],"kind":"action::set"}
[19:54:46.540] Response has been sent.
[19:54:46.540] No new typings were requested as a result of typings discovery
[20:24:41.673] Got install request {"projectName":"/dev/null/inferredProject2*","fileNames":["/home/dabanya02/.emacs.d/.cache/lsp/npm/typescript/lib/node_modules/typescript/lib/lib.es5.d.ts","/home/dabanya02/.emacs.d/.cache/lsp/npm/typescript/lib/node_modules/typescript/lib/lib.es2015.d.ts","/home/dabanya02/.emacs.d/.cache/lsp/npm/typescript/lib/node_modules/typescript/lib/lib.es2016.d.ts","/home/dabanya02/.emacs.d/.cache/lsp/npm/typescript/lib/node_modules/typescript/lib/lib.dom.d.ts","/home/dabanya02/.emacs.d/.cache/lsp/npm/typescript/lib/node_modules/typescript/lib/lib.dom.iterable.d.ts","/home/dabanya02/.emacs.d/.cache/lsp/npm/typescript/lib/node_modules/typescript/lib/lib.webworker.importscripts.d.ts","/home/dabanya02/.emacs.d/.cache/lsp/npm/typescript/lib/node_modules/typescript/lib/lib.scripthost.d.ts","/home/dabanya02/.emacs.d/.cache/lsp/npm/typescript/lib/node_modules/typescript/lib/lib.es2015.core.d.ts","/home/dabanya02/.emacs.d/.cache/lsp/npm/typescript/lib/node_modules/typescript/lib/lib.es2015.collection.d.ts","/home/dabanya02/.emacs.d/.cache/lsp/npm/typescript/lib/node_modules/typescript/lib/lib.es2015.generator.d.ts","/home/dabanya02/.emacs.d/.cache/lsp/npm/typescript/lib/node_modules/typescript/lib/lib.es2015.iterable.d.ts","/home/dabanya02/.emacs.d/.cache/lsp/npm/typescript/lib/node_modules/typescript/lib/lib.es2015.promise.d.ts","/home/dabanya02/.emacs.d/.cache/lsp/npm/typescript/lib/node_modules/typescript/lib/lib.es2015.proxy.d.ts","/home/dabanya02/.emacs.d/.cache/lsp/npm/typescript/lib/node_modules/typescript/lib/lib.es2015.reflect.d.ts","/home/dabanya02/.emacs.d/.cache/lsp/npm/typescript/lib/node_modules/typescript/lib/lib.es2015.symbol.d.ts","/home/dabanya02/.emacs.d/.cache/lsp/npm/typescript/lib/node_modules/typescript/lib/lib.es2015.symbol.wellknown.d.ts","/home/dabanya02/.emacs.d/.cache/lsp/npm/typescript/lib/node_modules/typescript/lib/lib.es2016.array.include.d.ts","/home/dabanya02/.emacs.d/.cache/lsp/npm/typescript/lib/node_modules/typescript/lib/lib.es2016.full.d.ts","/home/dabanya02/Projects/ProjectWebsite/JoeTest/Barnes-Hut.js"],"compilerOptions":{"module":1,"target":3,"jsx":1,"allowJs":true,"allowSyntheticDefaultImports":true,"allowNonTsExtensions":true,"noEmitForJsFiles":true,"maxNodeModuleJsDepth":2},"typeAcquisition":{"enable":true,"include":[],"exclude":[]},"unresolvedImports":[],"projectRootPath":"/home/dabanya02/Projects/ProjectWebsite/JoeTest","kind":"discover"}
[20:24:41.673] Explicitly included types: []
[20:24:41.673] Inferred typings from unresolved imports: []
[20:24:41.673] Result: {"cachedTypingPaths":[],"newTypingNames":[],"filesToWatch":["/home/dabanya02/Projects/ProjectWebsite/JoeTest/bower_components","/home/dabanya02/Projects/ProjectWebsite/JoeTest/node_modules"]}
[20:24:41.673] Finished typings discovery: {"cachedTypingPaths":[],"newTypingNames":[],"filesToWatch":["/home/dabanya02/Projects/ProjectWebsite/JoeTest/bower_components","/home/dabanya02/Projects/ProjectWebsite/JoeTest/node_modules"]}
[20:24:41.674] DirectoryWatcher:: Added:: WatchInfo: /home/dabanya02/Projects/ProjectWebsite/JoeTest/bower_components
[20:24:41.674] DirectoryWatcher:: Added:: WatchInfo: /home/dabanya02/Projects/ProjectWebsite/JoeTest/bower_components 1 undefined Project: /dev/null/inferredProject2* watcher already invoked: false
[20:24:41.674] Elapsed:: 0.025259999558329582ms DirectoryWatcher:: Added:: WatchInfo: /home/dabanya02/Projects/ProjectWebsite/JoeTest/bower_components 1 undefined Project: /dev/null/inferredProject2* watcher already invoked: false
[20:24:41.674] DirectoryWatcher:: Added:: WatchInfo: /home/dabanya02/Projects/ProjectWebsite/JoeTest/node_modules
[20:24:41.674] DirectoryWatcher:: Added:: WatchInfo: /home/dabanya02/Projects/ProjectWebsite/JoeTest/node_modules 1 undefined Project: /dev/null/inferredProject2* watcher already invoked: false
[20:24:41.674] Elapsed:: 0.014520000666379929ms DirectoryWatcher:: Added:: WatchInfo: /home/dabanya02/Projects/ProjectWebsite/JoeTest/node_modules 1 undefined Project: /dev/null/inferredProject2* watcher already invoked: false
[20:24:41.674] Sending response:
    {"projectName":"/dev/null/inferredProject2*","typeAcquisition":{"enable":true,"include":[],"exclude":[]},"compilerOptions":{"module":1,"target":3,"jsx":1,"allowJs":true,"allowSyntheticDefaultImports":true,"allowNonTsExtensions":true,"noEmitForJsFiles":true,"maxNodeModuleJsDepth":2},"typings":[],"unresolvedImports":[],"kind":"action::set"}
[20:24:41.674] Response has been sent.
[20:24:41.674] No new typings were requested as a result of typings discovery
[20:25:54.111] Got install request {"projectName":"/dev/null/inferredProject3*","fileNames":["/home/dabanya02/.emacs.d/.cache/lsp/npm/typescript/lib/node_modules/typescript/lib/lib.es5.d.ts","/home/dabanya02/.emacs.d/.cache/lsp/npm/typescript/lib/node_modules/typescript/lib/lib.es2015.d.ts","/home/dabanya02/.emacs.d/.cache/lsp/npm/typescript/lib/node_modules/typescript/lib/lib.es2016.d.ts","/home/dabanya02/.emacs.d/.cache/lsp/npm/typescript/lib/node_modules/typescript/lib/lib.dom.d.ts","/home/dabanya02/.emacs.d/.cache/lsp/npm/typescript/lib/node_modules/typescript/lib/lib.dom.iterable.d.ts","/home/dabanya02/.emacs.d/.cache/lsp/npm/typescript/lib/node_modules/typescript/lib/lib.webworker.importscripts.d.ts","/home/dabanya02/.emacs.d/.cache/lsp/npm/typescript/lib/node_modules/typescript/lib/lib.scripthost.d.ts","/home/dabanya02/.emacs.d/.cache/lsp/npm/typescript/lib/node_modules/typescript/lib/lib.es2015.core.d.ts","/home/dabanya02/.emacs.d/.cache/lsp/npm/typescript/lib/node_modules/typescript/lib/lib.es2015.collection.d.ts","/home/dabanya02/.emacs.d/.cache/lsp/npm/typescript/lib/node_modules/typescript/lib/lib.es2015.generator.d.ts","/home/dabanya02/.emacs.d/.cache/lsp/npm/typescript/lib/node_modules/typescript/lib/lib.es2015.iterable.d.ts","/home/dabanya02/.emacs.d/.cache/lsp/npm/typescript/lib/node_modules/typescript/lib/lib.es2015.promise.d.ts","/home/dabanya02/.emacs.d/.cache/lsp/npm/typescript/lib/node_modules/typescript/lib/lib.es2015.proxy.d.ts","/home/dabanya02/.emacs.d/.cache/lsp/npm/typescript/lib/node_modules/typescript/lib/lib.es2015.reflect.d.ts","/home/dabanya02/.emacs.d/.cache/lsp/npm/typescript/lib/node_modules/typescript/lib/lib.es2015.symbol.d.ts","/home/dabanya02/.emacs.d/.cache/lsp/npm/typescript/lib/node_modules/typescript/lib/lib.es2015.symbol.wellknown.d.ts","/home/dabanya02/.emacs.d/.cache/lsp/npm/typescript/lib/node_modules/typescript/lib/lib.es2016.array.include.d.ts","/home/dabanya02/.emacs.d/.cache/lsp/npm/typescript/lib/node_modules/typescript/lib/lib.es2016.full.d.ts","/home/dabanya02/Projects/ProjectWebsite/JoeTest/Vec.js","/home/dabanya02/Projects/ProjectWebsite/JoeTest/Object.js"],"compilerOptions":{"module":1,"target":3,"jsx":1,"allowJs":true,"allowSyntheticDefaultImports":true,"allowNonTsExtensions":true,"noEmitForJsFiles":true,"maxNodeModuleJsDepth":2},"typeAcquisition":{"enable":true,"include":[],"exclude":[]},"unresolvedImports":[],"projectRootPath":"/home/dabanya02/Projects/ProjectWebsite/JoeTest","kind":"discover"}
[20:25:54.111] Explicitly included types: []
[20:25:54.111] Inferred typings from unresolved imports: []
[20:25:54.111] Result: {"cachedTypingPaths":[],"newTypingNames":[],"filesToWatch":["/home/dabanya02/Projects/ProjectWebsite/JoeTest/bower_components","/home/dabanya02/Projects/ProjectWebsite/JoeTest/node_modules"]}
[20:25:54.111] Finished typings discovery: {"cachedTypingPaths":[],"newTypingNames":[],"filesToWatch":["/home/dabanya02/Projects/ProjectWebsite/JoeTest/bower_components","/home/dabanya02/Projects/ProjectWebsite/JoeTest/node_modules"]}
[20:25:54.111] DirectoryWatcher:: Added:: WatchInfo: /home/dabanya02/Projects/ProjectWebsite/JoeTest/bower_components
[20:25:54.111] DirectoryWatcher:: Added:: WatchInfo: /home/dabanya02/Projects/ProjectWebsite/JoeTest/bower_components 1 undefined Project: /dev/null/inferredProject3* watcher already invoked: false
[20:25:54.111] Elapsed:: 0.011629999615252018ms DirectoryWatcher:: Added:: WatchInfo: /home/dabanya02/Projects/ProjectWebsite/JoeTest/bower_components 1 undefined Project: /dev/null/inferredProject3* watcher already invoked: false
[20:25:54.111] DirectoryWatcher:: Added:: WatchInfo: /home/dabanya02/Projects/ProjectWebsite/JoeTest/node_modules
[20:25:54.112] DirectoryWatcher:: Added:: WatchInfo: /home/dabanya02/Projects/ProjectWebsite/JoeTest/node_modules 1 undefined Project: /dev/null/inferredProject3* watcher already invoked: false
[20:25:54.112] Elapsed:: 0.006440000608563423ms DirectoryWatcher:: Added:: WatchInfo: /home/dabanya02/Projects/ProjectWebsite/JoeTest/node_modules 1 undefined Project: /dev/null/inferredProject3* watcher already invoked: false
[20:25:54.112] Sending response:
    {"projectName":"/dev/null/inferredProject3*","typeAcquisition":{"enable":true,"include":[],"exclude":[]},"compilerOptions":{"module":1,"target":3,"jsx":1,"allowJs":true,"allowSyntheticDefaultImports":true,"allowNonTsExtensions":true,"noEmitForJsFiles":true,"maxNodeModuleJsDepth":2},"typings":[],"unresolvedImports":[],"kind":"action::set"}
[20:25:54.112] Response has been sent.
[20:25:54.112] No new typings were requested as a result of typings discovery
[20:26:07.535] Got install request {"projectName":"/dev/null/inferredProject3*","fileNames":["/home/dabanya02/.emacs.d/.cache/lsp/npm/typescript/lib/node_modules/typescript/lib/lib.es5.d.ts","/home/dabanya02/.emacs.d/.cache/lsp/npm/typescript/lib/node_modules/typescript/lib/lib.es2015.d.ts","/home/dabanya02/.emacs.d/.cache/lsp/npm/typescript/lib/node_modules/typescript/lib/lib.es2016.d.ts","/home/dabanya02/.emacs.d/.cache/lsp/npm/typescript/lib/node_modules/typescript/lib/lib.dom.d.ts","/home/dabanya02/.emacs.d/.cache/lsp/npm/typescript/lib/node_modules/typescript/lib/lib.dom.iterable.d.ts","/home/dabanya02/.emacs.d/.cache/lsp/npm/typescript/lib/node_modules/typescript/lib/lib.webworker.importscripts.d.ts","/home/dabanya02/.emacs.d/.cache/lsp/npm/typescript/lib/node_modules/typescript/lib/lib.scripthost.d.ts","/home/dabanya02/.emacs.d/.cache/lsp/npm/typescript/lib/node_modules/typescript/lib/lib.es2015.core.d.ts","/home/dabanya02/.emacs.d/.cache/lsp/npm/typescript/lib/node_modules/typescript/lib/lib.es2015.collection.d.ts","/home/dabanya02/.emacs.d/.cache/lsp/npm/typescript/lib/node_modules/typescript/lib/lib.es2015.generator.d.ts","/home/dabanya02/.emacs.d/.cache/lsp/npm/typescript/lib/node_modules/typescript/lib/lib.es2015.iterable.d.ts","/home/dabanya02/.emacs.d/.cache/lsp/npm/typescript/lib/node_modules/typescript/lib/lib.es2015.promise.d.ts","/home/dabanya02/.emacs.d/.cache/lsp/npm/typescript/lib/node_modules/typescript/lib/lib.es2015.proxy.d.ts","/home/dabanya02/.emacs.d/.cache/lsp/npm/typescript/lib/node_modules/typescript/lib/lib.es2015.reflect.d.ts","/home/dabanya02/.emacs.d/.cache/lsp/npm/typescript/lib/node_modules/typescript/lib/lib.es2015.symbol.d.ts","/home/dabanya02/.emacs.d/.cache/lsp/npm/typescript/lib/node_modules/typescript/lib/lib.es2015.symbol.wellknown.d.ts","/home/dabanya02/.emacs.d/.cache/lsp/npm/typescript/lib/node_modules/typescript/lib/lib.es2016.array.include.d.ts","/home/dabanya02/.emacs.d/.cache/lsp/npm/typescript/lib/node_modules/typescript/lib/lib.es2016.full.d.ts","/home/dabanya02/Projects/ProjectWebsite/JoeTest/Object.js"],"compilerOptions":{"module":1,"target":3,"jsx":1,"allowJs":true,"allowSyntheticDefaultImports":true,"allowNonTsExtensions":true,"noEmitForJsFiles":true,"maxNodeModuleJsDepth":2},"typeAcquisition":{"enable":true,"include":[],"exclude":[]},"unresolvedImports":[],"projectRootPath":"/home/dabanya02/Projects/ProjectWebsite/JoeTest","kind":"discover"}
[20:26:07.535] Explicitly included types: []
[20:26:07.535] Inferred typings from unresolved imports: []
[20:26:07.535] Result: {"cachedTypingPaths":[],"newTypingNames":[],"filesToWatch":["/home/dabanya02/Projects/ProjectWebsite/JoeTest/bower_components","/home/dabanya02/Projects/ProjectWebsite/JoeTest/node_modules"]}
[20:26:07.535] Finished typings discovery: {"cachedTypingPaths":[],"newTypingNames":[],"filesToWatch":["/home/dabanya02/Projects/ProjectWebsite/JoeTest/bower_components","/home/dabanya02/Projects/ProjectWebsite/JoeTest/node_modules"]}
[20:26:07.535] Sending response:
    {"projectName":"/dev/null/inferredProject3*","typeAcquisition":{"enable":true,"include":[],"exclude":[]},"compilerOptions":{"module":1,"target":3,"jsx":1,"allowJs":true,"allowSyntheticDefaultImports":true,"allowNonTsExtensions":true,"noEmitForJsFiles":true,"maxNodeModuleJsDepth":2},"typings":[],"unresolvedImports":[],"kind":"action::set"}
[20:26:07.535] Response has been sent.
[20:26:07.535] No new typings were requested as a result of typings discovery
[20:26:10.693] Got install request {"projectName":"/dev/null/inferredProject2*","fileNames":["/home/dabanya02/.emacs.d/.cache/lsp/npm/typescript/lib/node_modules/typescript/lib/lib.es5.d.ts","/home/dabanya02/.emacs.d/.cache/lsp/npm/typescript/lib/node_modules/typescript/lib/lib.es2015.d.ts","/home/dabanya02/.emacs.d/.cache/lsp/npm/typescript/lib/node_modules/typescript/lib/lib.es2016.d.ts","/home/dabanya02/.emacs.d/.cache/lsp/npm/typescript/lib/node_modules/typescript/lib/lib.dom.d.ts","/home/dabanya02/.emacs.d/.cache/lsp/npm/typescript/lib/node_modules/typescript/lib/lib.dom.iterable.d.ts","/home/dabanya02/.emacs.d/.cache/lsp/npm/typescript/lib/node_modules/typescript/lib/lib.webworker.importscripts.d.ts","/home/dabanya02/.emacs.d/.cache/lsp/npm/typescript/lib/node_modules/typescript/lib/lib.scripthost.d.ts","/home/dabanya02/.emacs.d/.cache/lsp/npm/typescript/lib/node_modules/typescript/lib/lib.es2015.core.d.ts","/home/dabanya02/.emacs.d/.cache/lsp/npm/typescript/lib/node_modules/typescript/lib/lib.es2015.collection.d.ts","/home/dabanya02/.emacs.d/.cache/lsp/npm/typescript/lib/node_modules/typescript/lib/lib.es2015.generator.d.ts","/home/dabanya02/.emacs.d/.cache/lsp/npm/typescript/lib/node_modules/typescript/lib/lib.es2015.iterable.d.ts","/home/dabanya02/.emacs.d/.cache/lsp/npm/typescript/lib/node_modules/typescript/lib/lib.es2015.promise.d.ts","/home/dabanya02/.emacs.d/.cache/lsp/npm/typescript/lib/node_modules/typescript/lib/lib.es2015.proxy.d.ts","/home/dabanya02/.emacs.d/.cache/lsp/npm/typescript/lib/node_modules/typescript/lib/lib.es2015.reflect.d.ts","/home/dabanya02/.emacs.d/.cache/lsp/npm/typescript/lib/node_modules/typescript/lib/lib.es2015.symbol.d.ts","/home/dabanya02/.emacs.d/.cache/lsp/npm/typescript/lib/node_modules/typescript/lib/lib.es2015.symbol.wellknown.d.ts","/home/dabanya02/.emacs.d/.cache/lsp/npm/typescript/lib/node_modules/typescript/lib/lib.es2016.array.include.d.ts","/home/dabanya02/.emacs.d/.cache/lsp/npm/typescript/lib/node_modules/typescript/lib/lib.es2016.full.d.ts","/home/dabanya02/Projects/ProjectWebsite/JoeTest/Vec.js","/home/dabanya02/Projects/ProjectWebsite/JoeTest/Barnes-Hut.js"],"compilerOptions":{"module":1,"target":3,"jsx":1,"allowJs":true,"allowSyntheticDefaultImports":true,"allowNonTsExtensions":true,"noEmitForJsFiles":true,"maxNodeModuleJsDepth":2},"typeAcquisition":{"enable":true,"include":[],"exclude":[]},"unresolvedImports":[],"projectRootPath":"/home/dabanya02/Projects/ProjectWebsite/JoeTest","kind":"discover"}
[20:26:10.694] Explicitly included types: []
[20:26:10.694] Inferred typings from unresolved imports: []
[20:26:10.694] Result: {"cachedTypingPaths":[],"newTypingNames":[],"filesToWatch":["/home/dabanya02/Projects/ProjectWebsite/JoeTest/bower_components","/home/dabanya02/Projects/ProjectWebsite/JoeTest/node_modules"]}
[20:26:10.694] Finished typings discovery: {"cachedTypingPaths":[],"newTypingNames":[],"filesToWatch":["/home/dabanya02/Projects/ProjectWebsite/JoeTest/bower_components","/home/dabanya02/Projects/ProjectWebsite/JoeTest/node_modules"]}
[20:26:10.694] Sending response:
    {"projectName":"/dev/null/inferredProject2*","typeAcquisition":{"enable":true,"include":[],"exclude":[]},"compilerOptions":{"module":1,"target":3,"jsx":1,"allowJs":true,"allowSyntheticDefaultImports":true,"allowNonTsExtensions":true,"noEmitForJsFiles":true,"maxNodeModuleJsDepth":2},"typings":[],"unresolvedImports":[],"kind":"action::set"}
[20:26:10.694] Response has been sent.
[20:26:10.694] No new typings were requested as a result of typings discovery
