Info 0    [15:38:43.651] Starting TS Server
Info 1    [15:38:43.651] Version: 4.7.4
Info 2    [15:38:43.651] Arguments: /usr/bin/node /home/dabanya02/.emacs.d/.cache/lsp/npm/typescript/lib/node_modules/typescript/lib/tsserver.js --logFile /home/dabanya02/Projects/ProjectWebsite/.log/tsserver.log --logVerbosity info --cancellationPipeName /tmp/8659f8b2ea55bba6517fe270e3ab6015/tscancellation*
Info 3    [15:38:43.651] Platform: linux NodeVersion: 18 CaseSensitive: true
Info 4    [15:38:43.651] ServerMode: undefined syntaxOnly: false hasUnknownServerMode: undefined
Info 5    [15:38:43.661] Format host information updated
Info 6    [15:38:43.668] Search path: /home/dabanya02/Projects/ProjectWebsite
Info 7    [15:38:43.669] For info: /home/dabanya02/Projects/ProjectWebsite/app.js :: No config files found.
Info 8    [15:38:43.672] Starting updateGraphWorker: Project: /dev/null/inferredProject1*
Info 9    [15:38:44.042] Finishing updateGraphWorker: Project: /dev/null/inferredProject1* Version: 1 structureChanged: true structureIsReused:: Not Elapsed: 370.12374499998987ms
Info 10   [15:38:44.042] Project '/dev/null/inferredProject1*' (Inferred)
Info 11   [15:38:44.042] 	Files (19)

Info 12   [15:38:44.042] -----------------------------------------------
Info 13   [17:00:47.222] Search path: /home/dabanya02/Projects/ProjectWebsite
Info 14   [17:00:47.222] For info: /home/dabanya02/Projects/ProjectWebsite/interpreter.js :: No config files found.
Info 15   [17:00:47.222] Starting updateGraphWorker: Project: /dev/null/inferredProject2*
Info 16   [17:00:47.250] Finishing updateGraphWorker: Project: /dev/null/inferredProject2* Version: 1 structureChanged: true structureIsReused:: Not Elapsed: 27.41229399945587ms
Info 17   [17:00:47.250] Project '/dev/null/inferredProject2*' (Inferred)
Info 18   [17:00:47.250] 	Files (19)

Info 19   [17:00:47.250] -----------------------------------------------
Info 20   [23:37:02.256] Search path: /home/dabanya02/Projects/ProjectWebsite
Info 21   [23:37:02.256] For info: /home/dabanya02/Projects/ProjectWebsite/interpreter.js :: No config files found.
Info 22   [23:37:02.256] Starting updateGraphWorker: Project: /dev/null/inferredProject2*
Info 23   [23:37:02.256] Finishing updateGraphWorker: Project: /dev/null/inferredProject2* Version: 2 structureChanged: false structureIsReused:: Not Elapsed: 0.33900000154972076ms
Info 24   [23:37:02.256] Project '/dev/null/inferredProject2*' (Inferred)
Info 25   [23:37:02.256] 	Files (19)

Info 26   [23:37:02.256] -----------------------------------------------
Info 27   [23:37:18.434] FileWatcher:: Triggered with /home/dabanya02/Projects/ProjectWebsite/interpreter.js 2:: WatchInfo: /home/dabanya02/Projects/ProjectWebsite/interpreter.js 500 undefined WatchType: Closed Script info
Info 28   [23:37:18.435] Elapsed:: 0.20034999772906303ms FileWatcher:: Triggered with /home/dabanya02/Projects/ProjectWebsite/interpreter.js 2:: WatchInfo: /home/dabanya02/Projects/ProjectWebsite/interpreter.js 500 undefined WatchType: Closed Script info
Info 29   [23:37:52.409] Search path: /home/dabanya02/Projects/ProjectWebsite/projects
Info 30   [23:37:52.409] For info: /home/dabanya02/Projects/ProjectWebsite/projects/interpreter.js :: No config files found.
Info 31   [23:37:52.409] Starting updateGraphWorker: Project: /dev/null/inferredProject3*
Info 32   [23:37:52.421] Finishing updateGraphWorker: Project: /dev/null/inferredProject3* Version: 1 structureChanged: true structureIsReused:: Not Elapsed: 11.359231997281313ms
Info 33   [23:37:52.421] Project '/dev/null/inferredProject3*' (Inferred)
Info 34   [23:37:52.421] 	Files (19)

Info 35   [23:37:52.421] -----------------------------------------------
Info 36   [23:37:52.422] `remove Project::
Info 37   [23:37:52.422] Project '/dev/null/inferredProject2*' (Inferred)
Info 38   [23:37:52.422] 	Files (19)

Info 39   [23:37:52.422] -----------------------------------------------
